Log file open, 02/02/21 09:30:37
LogWindows: Failed to load 'aqProf.dll' (GetLastError=126)
LogWindows: File 'aqProf.dll' does not exist
LogWindows: Failed to load 'VSPerf140.dll' (GetLastError=126)
LogWindows: File 'VSPerf140.dll' does not exist
LogWindows: Failed to load 'VtuneApi.dll' (GetLastError=126)
LogWindows: File 'VtuneApi.dll' does not exist
LogWindows: Failed to load 'VtuneApi32e.dll' (GetLastError=126)
LogWindows: File 'VtuneApi32e.dll' does not exist
LogInit: Display: Running engine for game: hanahuda
LogPlatformFile: Not using cached read wrapper
LogTaskGraph: Started task graph with 5 named threads and 23 total threads with 3 sets of task threads.
LogStats: Stats thread started at 0.287503
LogD3D11RHI: Loaded GFSDK_Aftermath_Lib.x64.dll
LogICUInternationalization: Display: ICU TimeZone Detection - Raw Offset: +9:00, Platform Override: ''
LogPluginManager: Mounting plugin Paper2D
LogPluginManager: Mounting plugin AISupport
LogPluginManager: Mounting plugin LightPropagationVolume
LogPluginManager: Mounting plugin CLionSourceCodeAccess
LogPluginManager: Mounting plugin CodeLiteSourceCodeAccess
LogPluginManager: Mounting plugin GitSourceControl
LogPluginManager: Mounting plugin KDevelopSourceCodeAccess
LogPluginManager: Mounting plugin NullSourceCodeAccess
LogPluginManager: Mounting plugin PerforceSourceControl
LogPluginManager: Mounting plugin SubversionSourceControl
LogPluginManager: Mounting plugin UObjectPlugin
LogPluginManager: Mounting plugin VisualStudioCodeSourceCodeAccess
LogPluginManager: Mounting plugin VisualStudioSourceCodeAccess
LogPluginManager: Mounting plugin XCodeSourceCodeAccess
LogPluginManager: Mounting plugin AssetManagerEditor
LogPluginManager: Mounting plugin CryptoKeys
LogPluginManager: Mounting plugin DataValidation
LogPluginManager: Mounting plugin EditorScriptingUtilities
LogPluginManager: Mounting plugin FacialAnimation
LogPluginManager: Mounting plugin GameplayTagsEditor
LogPluginManager: Mounting plugin MacGraphicsSwitching
LogPluginManager: Mounting plugin MeshEditor
LogPluginManager: Mounting plugin MobileLauncherProfileWizard
LogPluginManager: Mounting plugin PluginBrowser
LogPluginManager: Mounting plugin SpeedTreeImporter
LogPluginManager: Mounting plugin DatasmithContent
LogPluginManager: Mounting plugin AlembicImporter
LogPluginManager: Mounting plugin AppleImageUtils
LogPluginManager: Mounting plugin AppleVision
LogPluginManager: Mounting plugin BackChannel
LogPluginManager: Mounting plugin CharacterAI
LogPluginManager: Mounting plugin GeometryCache
LogPluginManager: Mounting plugin HTML5Networking
LogPluginManager: Mounting plugin ProxyLODPlugin
LogPluginManager: Mounting plugin MagicLeap
LogPluginManager: Mounting plugin MagicLeapEmulator
LogPluginManager: Mounting plugin MagicLeapMedia
LogPluginManager: Mounting plugin AndroidMedia
LogPluginManager: Mounting plugin AvfMedia
LogPluginManager: Mounting plugin ImgMedia
LogPluginManager: Mounting plugin LinearTimecode
LogPluginManager: Mounting plugin MediaCompositing
LogPluginManager: Mounting plugin MediaPlayerEditor
LogPluginManager: Mounting plugin WmfMedia
LogPluginManager: Mounting plugin TcpMessaging
LogPluginManager: Mounting plugin UdpMessaging
LogPluginManager: Mounting plugin ActorSequence
LogPluginManager: Mounting plugin LevelSequenceEditor
LogPluginManager: Mounting plugin MatineeToLevelSequence
LogPluginManager: Mounting plugin NetcodeUnitTest
LogPluginManager: Mounting plugin NUTUnrealEngine4
LogPluginManager: Mounting plugin OnlineSubsystemGooglePlay
LogPluginManager: Mounting plugin OnlineSubsystemIOS
LogPluginManager: Mounting plugin OnlineSubsystem
LogPluginManager: Mounting plugin OnlineSubsystemNull
LogPluginManager: Mounting plugin OnlineSubsystemUtils
LogPluginManager: Mounting plugin LauncherChunkInstaller
LogPluginManager: Mounting plugin AndroidDeviceProfileSelector
LogPluginManager: Mounting plugin AndroidMoviePlayer
LogPluginManager: Mounting plugin AndroidPermission
LogPluginManager: Mounting plugin AppleMoviePlayer
LogPluginManager: Mounting plugin ArchVisCharacter
LogPluginManager: Mounting plugin AudioCapture
LogPluginManager: Mounting plugin CableComponent
LogPluginManager: Mounting plugin CustomMeshComponent
LogPluginManager: Mounting plugin EditableMesh
LogPluginManager: Mounting plugin ExampleDeviceProfileSelector
LogPluginManager: Mounting plugin GoogleCloudMessaging
LogPluginManager: Mounting plugin ImmediatePhysics
LogPluginManager: Mounting plugin IOSDeviceProfileSelector
LogPluginManager: Mounting plugin LinuxDeviceProfileSelector
LogPluginManager: Mounting plugin LocationServicesBPLibrary
LogPluginManager: Mounting plugin MobilePatchingUtils
LogPluginManager: Mounting plugin OculusVR
LogPluginManager: Plugin shader directory ../../../Engine/Plugins/Runtime/Oculus/OculusVR/Shaders found
LogPluginManager: Mapping shader source directory ../../../Engine/Plugins/Runtime/Oculus/OculusVR/Shaders to virtual directory /Plugin/OculusVR
LogPluginManager: Mounting plugin PhysXVehicles
LogPluginManager: Mounting plugin ProceduralMeshComponent
LogPluginManager: Mounting plugin RuntimePhysXCooking
LogPluginManager: Mounting plugin SteamVR
LogPluginManager: Mounting plugin WindowsMoviePlayer
LogPluginManager: Mounting plugin DatasmithCADImporter
LogPluginManager: Mounting plugin DatasmithFBXImporter
LogPluginManager: Mounting plugin DatasmithImporter
LogPluginManager: Mounting plugin DatasmithMDLImporter
LogPluginManager: Mounting plugin StaticMeshEditorExtension
LogStreaming: Display: Took  0.714s to configure plugins.
LogInit: Using libcurl 7.55.1-DEV
LogInit:  - built for x86_64-pc-win32
LogInit:  - supports SSL with OpenSSL/1.0.2h
LogInit:  - supports HTTP deflate (compression) using libz 1.2.8
LogInit:  - other features:
LogInit:      CURL_VERSION_SSL
LogInit:      CURL_VERSION_LIBZ
LogInit:      CURL_VERSION_IPV6
LogInit:      CURL_VERSION_ASYNCHDNS
LogInit:      CURL_VERSION_LARGEFILE
LogInit:      CURL_VERSION_IDN
LogInit:  CurlRequestOptions (configurable via config and command line):
LogInit:  - bVerifyPeer = false  - Libcurl will NOT verify peer certificate
LogInit:  - bUseHttpProxy = false  - Libcurl will NOT use HTTP proxy
LogInit:  - bDontReuseConnections = false  - Libcurl will reuse connections
LogInit:  - CertBundlePath = nullptr  - Libcurl will use whatever was configured at build time.
LogInit:  - MaxHostConnections = 16  - Libcurl will limit the number of connections to a host
LogInit:  - LocalHostAddr = Default
LogInit:  - BufferSize = 65536
LogInit: WinSock: version 1.1 (2.2), MaxSocks=32767, MaxUdp=65467
LogInit: Build: ++UE4+Release-4.20-CL-4369336
LogInit: Engine Version: 4.20.3-4369336+++UE4+Release-4.20
LogInit: Compatible Engine Version: 4.20.0-4212847+++UE4+Release-4.20
LogInit: Net CL: 4212847
LogInit: OS: Windows 10 (), CPU: Intel(R) Core(TM) i7-6700 CPU @ 3.40GHz, GPU: NVIDIA GeForce GTX 980
LogInit: Compiled (64-bit): Sep 17 2018 12:26:19
LogInit: Compiled with Visual C++: 19.13.26129.00
LogInit: Build Configuration: Development
LogInit: Branch Name: ++UE4+Release-4.20
LogInit: Command Line:  
LogInit: Base Directory: C:/Program Files/Epic Games/UE_4.20/Engine/Binaries/Win64/
LogInit: Installed Engine Build: 1
LogDevObjectVersion: Number of dev versions registered: 20
LogDevObjectVersion:   Dev-Blueprints (B0D832E4-1F89-4F0D-ACCF-7EB736FD4AA2): 10
LogDevObjectVersion:   Dev-Build (E1C64328-A22C-4D53-A36C-8E866417BD8C): 0
LogDevObjectVersion:   Dev-Core (375EC13C-06E4-48FB-B500-84F0262A717E): 2
LogDevObjectVersion:   Dev-Editor (E4B068ED-F494-42E9-A231-DA0B2E46BB41): 24
LogDevObjectVersion:   Dev-Framework (CFFC743F-43B0-4480-9391-14DF171D2073): 34
LogDevObjectVersion:   Dev-Mobile (B02B49B5-BB20-44E9-A304-32B752E40360): 2
LogDevObjectVersion:   Dev-Networking (A4E4105C-59A1-49B5-A7C5-40C4547EDFEE): 0
LogDevObjectVersion:   Dev-Online (39C831C9-5AE6-47DC-9A44-9C173E1C8E7C): 0
LogDevObjectVersion:   Dev-Physics (78F01B33-EBEA-4F98-B9B4-84EACCB95AA2): 0
LogDevObjectVersion:   Dev-Platform (6631380F-2D4D-43E0-8009-CF276956A95A): 0
LogDevObjectVersion:   Dev-Rendering (12F88B9F-8875-4AFC-A67C-D90C383ABD29): 26
LogDevObjectVersion:   Dev-Sequencer (7B5AE74C-D270-4C10-A958-57980B212A5A): 9
LogDevObjectVersion:   Dev-VR (D7296918-1DD6-4BDD-9DE2-64A83CC13884): 2
LogDevObjectVersion:   Dev-LoadTimes (C2A15278-BFE7-4AFE-6C17-90FF531DF755): 1
LogDevObjectVersion:   Private-Geometry (6EACA3D4-40EC-4CC1-B786-8BED09428FC5): 3
LogDevObjectVersion:   Dev-AnimPhys (29E575DD-E0A3-4627-9D10-D276232CDCEA): 17
LogDevObjectVersion:   Dev-ReflectionCapture (6B266CEC-1EC7-4B8F-A30B-E4D90942FC07): 1
LogDevObjectVersion:   Dev-Automation (0DF73D61-A23F-47EA-B727-89E90C41499A): 1
LogDevObjectVersion:   FortniteMain (601D1886-AC64-4F84-AA16-D3DE0DEAC7D6): 12
LogDevObjectVersion:   Dev-Enterprise (9DFFBCD6-494F-0158-E221-12823C92A888): 1
LogStreaming: Display: Took  0.004s to delete old logs.
LogInit: Presizing for max 8388607 objects, including 0 objects not considered by GC, pre-allocating 0 bytes for permanent pool.
LogInit: Object subsystem initialized
[2021.02.02-00.30.39:480][  0]LogInit: Selected Device Profile: [Windows]
[2021.02.02-00.30.39:480][  0]LogInit: Applying CVar settings loaded from the selected device profile: [Windows]
[2021.02.02-00.30.39:503][  0]LogHAL: Display: Platform has ~ 16 GB [17031290880 / 17179869184 / 16], which maps to Larger [LargestMinGB=32, LargerMinGB=12, DefaultMinGB=8, SmallerMinGB=6, SmallestMinGB=0)
[2021.02.02-00.30.39:504][  0]LogInit: Setting Device Profile CVar: [[r.Vulkan.UseRealUBs:1]]
[2021.02.02-00.30.39:504][  0]LogInit: Going up to parent DeviceProfile []
[2021.02.02-00.30.39:532][  0]LogInit: Computer: CG16-15-PC
[2021.02.02-00.30.39:532][  0]LogInit: User: CG15
[2021.02.02-00.30.39:532][  0]LogInit: CPU Page size=4096, Cores=4
[2021.02.02-00.30.39:532][  0]LogInit: High frequency timer resolution =10.000000 MHz
[2021.02.02-00.30.39:533][  0]LogMemory: Memory total: Physical=15.9GB (16GB approx)
[2021.02.02-00.30.39:533][  0]LogMemory: Platform Memory Stats for Windows
[2021.02.02-00.30.39:533][  0]LogMemory: Process Physical Memory: 101.00 MB used, 101.00 MB peak
[2021.02.02-00.30.39:533][  0]LogMemory: Process Virtual Memory: 89.61 MB used, 89.61 MB peak
[2021.02.02-00.30.39:533][  0]LogMemory: Physical Memory: 4676.24 MB used,  11566.07 MB free, 16242.30 MB total
[2021.02.02-00.30.39:533][  0]LogMemory: Virtual Memory: 4626.99 MB used,  11566.07 MB free, 134217728.00 MB total
[2021.02.02-00.30.45:966][  0]LogInit: Using OS detected language (ja-JP).
[2021.02.02-00.30.45:966][  0]LogInit: Using OS detected locale (ja-JP).
[2021.02.02-00.30.46:084][  0]LogTextLocalizationManager: No specific localization for 'ja-JP' exists, so the 'ja' localization will be used.
[2021.02.02-00.30.50:162][  0]LogStreaming: Display: Took  4.360s to InitEngineTextLocalization.
[2021.02.02-00.30.50:173][  0]LogInit: Setting process to per monitor DPI aware
[2021.02.02-00.30.50:713][  0]LogSlate: New Slate User Created.  User Index 0, Is Virtual User: 0
[2021.02.02-00.30.50:713][  0]LogSlate: Slate User Registered.  User Index 0, Is Virtual User: 0
[2021.02.02-00.30.57:265][  0]LogHMD: Failed to initialize OpenVR with code 100
[2021.02.02-00.30.57:265][  0]LogD3D11RHI: D3D11 adapters:
[2021.02.02-00.30.57:335][  0]LogD3D11RHI:    0. 'NVIDIA GeForce GTX 980' (Feature Level 11_0)
[2021.02.02-00.30.57:335][  0]LogD3D11RHI:       4053/0/8121 MB DedicatedVideo/DedicatedSystem/SharedSystem, Outputs:1, VendorId:0x10de
[2021.02.02-00.30.57:380][  0]LogD3D11RHI:    1. 'Intel(R) HD Graphics 530' (Feature Level 11_0)
[2021.02.02-00.30.57:380][  0]LogD3D11RHI:       128/0/8121 MB DedicatedVideo/DedicatedSystem/SharedSystem, Outputs:0, VendorId:0x8086
[2021.02.02-00.30.57:388][  0]LogD3D11RHI:    2. 'Microsoft Basic Render Driver' (Feature Level 11_0)
[2021.02.02-00.30.57:388][  0]LogD3D11RHI:       0/0/8121 MB DedicatedVideo/DedicatedSystem/SharedSystem, Outputs:0, VendorId:0x1414
[2021.02.02-00.30.57:388][  0]LogD3D11RHI: Chosen D3D11 Adapter: 0
[2021.02.02-00.30.57:398][  0]LogD3D11RHI: Creating new Direct3DDevice
[2021.02.02-00.30.57:398][  0]LogD3D11RHI:     GPU DeviceId: 0x13c0 (for the marketing name, search the web for "GPU Device Id")
[2021.02.02-00.30.57:418][  0]LogWindows: EnumDisplayDevices:
[2021.02.02-00.30.57:418][  0]LogWindows:    0. 'NVIDIA GeForce GTX 980' (P:1 D:1)
[2021.02.02-00.30.57:419][  0]LogWindows:    1. 'NVIDIA GeForce GTX 980' (P:0 D:0)
[2021.02.02-00.30.57:419][  0]LogWindows:    2. 'NVIDIA GeForce GTX 980' (P:0 D:0)
[2021.02.02-00.30.57:419][  0]LogWindows:    3. 'NVIDIA GeForce GTX 980' (P:0 D:0)
[2021.02.02-00.30.57:419][  0]LogWindows:    4. 'Intel(R) HD Graphics 530' (P:0 D:0)
[2021.02.02-00.30.57:420][  0]LogWindows:    5. 'Intel(R) HD Graphics 530' (P:0 D:0)
[2021.02.02-00.30.57:420][  0]LogWindows:    6. 'Intel(R) HD Graphics 530' (P:0 D:0)
[2021.02.02-00.30.57:420][  0]LogWindows: DebugString: PrimaryIsNotTheChoosenAdapter PrimaryIsNotTheChoosenAdapter PrimaryIsNotTheChoosenAdapter FoundDriverCount:4 
[2021.02.02-00.30.57:420][  0]LogD3D11RHI:     Adapter Name: NVIDIA GeForce GTX 980
[2021.02.02-00.30.57:420][  0]LogD3D11RHI:   Driver Version: 432.00 (internal:26.21.14.3200, unified:432.00)
[2021.02.02-00.30.57:420][  0]LogD3D11RHI:      Driver Date: 7-24-2019
[2021.02.02-00.30.57:420][  0]LogRHI: Texture pool is 2837 MB (70% of 4053 MB)
[2021.02.02-00.30.57:622][  0]LogD3D11RHI: Async texture creation enabled
[2021.02.02-00.30.57:679][  0]LogD3D11RHI: GPU Timing Frequency: 1000.000000 (Debug: 2 1)
[2021.02.02-00.30.57:697][  0]LogShaderCompilers: Guid format shader working directory is -9 characters bigger than the processId version (../../../../../../Users/CG15/Desktop/SOC19073/hanahuda/Intermediate/Shaders/WorkingDirectory/1552/).
[2021.02.02-00.30.57:697][  0]LogShaderCompilers: Cleaned the shader compiler working directory 'C:/Users/CG15/AppData/Local/Temp/UnrealShaderWorkingDir/05FA6C984DCEC4D365CDEF82FE030D16/'.
[2021.02.02-00.30.58:837][  0]LogTemp: Display: Loaded TP AllDesktopTargetPlatform
[2021.02.02-00.30.58:924][  0]LogTemp: Display: Loaded TP MacClientTargetPlatform
[2021.02.02-00.30.58:962][  0]LogTemp: Display: Loaded TP MacNoEditorTargetPlatform
[2021.02.02-00.30.58:990][  0]LogTemp: Display: Loaded TP MacServerTargetPlatform
[2021.02.02-00.30.59:036][  0]LogTemp: Display: Loaded TP MacTargetPlatform
[2021.02.02-00.30.59:071][  0]LogTemp: Display: Loaded TP WindowsClientTargetPlatform
[2021.02.02-00.30.59:109][  0]LogTemp: Display: Loaded TP WindowsNoEditorTargetPlatform
[2021.02.02-00.30.59:244][  0]LogTemp: Display: Loaded TP WindowsServerTargetPlatform
[2021.02.02-00.30.59:298][  0]LogTemp: Display: Loaded TP WindowsTargetPlatform
[2021.02.02-00.31.00:007][  0]LogTemp: Display: Loaded TP AndroidTargetPlatform
[2021.02.02-00.31.00:007][  0]LogTemp: Display: Loaded TP AndroidTargetPlatform
[2021.02.02-00.31.00:007][  0]LogTemp: Display: Loaded TP AndroidTargetPlatform
[2021.02.02-00.31.00:007][  0]LogTemp: Display: Loaded TP AndroidTargetPlatform
[2021.02.02-00.31.00:007][  0]LogTemp: Display: Loaded TP AndroidTargetPlatform
[2021.02.02-00.31.00:007][  0]LogTemp: Display: Loaded TP AndroidTargetPlatform
[2021.02.02-00.31.00:007][  0]LogTemp: Display: Loaded TP AndroidTargetPlatform
[2021.02.02-00.31.00:007][  0]LogTemp: Display: Loaded TP AndroidTargetPlatform
[2021.02.02-00.31.00:007][  0]LogTemp: Display: Loaded TP AndroidTargetPlatform
[2021.02.02-00.31.00:007][  0]LogTemp: Display: Loaded TP AndroidTargetPlatform
[2021.02.02-00.31.00:007][  0]LogTemp: Display: Loaded TP AndroidTargetPlatform
[2021.02.02-00.31.00:007][  0]LogTemp: Display: Loaded TP AndroidTargetPlatform
[2021.02.02-00.31.00:007][  0]LogTemp: Display: Loaded TP AndroidTargetPlatform
[2021.02.02-00.31.00:007][  0]LogTemp: Display: Loaded TP AndroidTargetPlatform
[2021.02.02-00.31.00:007][  0]LogTemp: Display: Loaded TP AndroidTargetPlatform
[2021.02.02-00.31.00:007][  0]LogTemp: Display: Loaded TP AndroidTargetPlatform
[2021.02.02-00.31.00:007][  0]LogTemp: Display: Loaded TP AndroidTargetPlatform
[2021.02.02-00.31.00:007][  0]LogTemp: Display: Loaded TP AndroidTargetPlatform
[2021.02.02-00.31.00:319][  0]LogTemp: Display: Loaded TP HTML5TargetPlatform
[2021.02.02-00.31.00:698][  0]LogTemp: Display: Loaded TP IOSTargetPlatform
[2021.02.02-00.31.00:698][  0]LogTemp: Display: Loaded TP IOSTargetPlatform
[2021.02.02-00.31.00:745][  0]LogTemp: Display: Loaded TP TVOSTargetPlatform
[2021.02.02-00.31.00:745][  0]LogTemp: Display: Loaded TP TVOSTargetPlatform
[2021.02.02-00.31.00:884][  0]LogTemp: Display: Loaded TP LinuxClientTargetPlatform
[2021.02.02-00.31.00:917][  0]LogTemp: Display: Loaded TP LinuxNoEditorTargetPlatform
[2021.02.02-00.31.01:020][  0]LogTemp: Display: Loaded TP LinuxServerTargetPlatform
[2021.02.02-00.31.01:077][  0]LogTemp: Display: Loaded TP LinuxTargetPlatform
[2021.02.02-00.31.01:221][  0]LogTemp: Display: Loaded TP LuminTargetPlatform
[2021.02.02-00.31.01:221][  0]LogTargetPlatformManager: Display: Building Assets For Windows
[2021.02.02-00.31.02:304][  0]LogXGEController: Cleaning working directory: C:/Users/CG15/AppData/Local/Temp/UnrealXGEWorkingDir/
[2021.02.02-00.31.02:304][  0]LogXGEController: Cannot use XGE Controller as Incredibuild is not installed on this machine.
[2021.02.02-00.31.02:304][  0]LogShaderCompilers: Cannot use XGE Shader Compiler as Incredibuild is not installed on this machine.
[2021.02.02-00.31.02:304][  0]LogShaderCompilers: Display: Using Local Shader Compiler.
[2021.02.02-00.31.05:082][  0]LogDerivedDataCache: Display: Max Cache Size: 512 MB
[2021.02.02-00.31.05:793][  0]LogDerivedDataCache: Loaded boot cache 0.71s 72MB C:/Users/CG15/AppData/Local/UnrealEngine/4.20/DerivedDataCache/Boot.ddc.
[2021.02.02-00.31.05:793][  0]LogDerivedDataCache: Display: Loaded Boot cache: C:/Users/CG15/AppData/Local/UnrealEngine/4.20/DerivedDataCache/Boot.ddc
[2021.02.02-00.31.05:793][  0]LogDerivedDataCache: FDerivedDataBackendGraph:  Pak pak cache file ../../../../../../Users/CG15/Desktop/SOC19073/hanahuda/DerivedDataCache/DDC.ddp not found, will not use a pak cache.
[2021.02.02-00.31.05:793][  0]LogDerivedDataCache: Unable to find inner node Pak for hierarchical cache Hierarchy.
[2021.02.02-00.31.05:793][  0]LogDerivedDataCache: FDerivedDataBackendGraph:  CompressedPak pak cache file ../../../../../../Users/CG15/Desktop/SOC19073/hanahuda/DerivedDataCache/Compressed.ddp not found, will not use a pak cache.
[2021.02.02-00.31.05:793][  0]LogDerivedDataCache: Unable to find inner node CompressedPak for hierarchical cache Hierarchy.
[2021.02.02-00.31.05:832][  0]LogDerivedDataCache: Display: Pak cache opened for reading ../../../Engine/DerivedDataCache/Compressed.ddp.
[2021.02.02-00.31.05:845][  0]LogDerivedDataCache: Using Local data cache path C:/Users/CG15/AppData/Local/UnrealEngine/Common/DerivedDataCache: Writable
[2021.02.02-00.31.05:845][  0]LogDerivedDataCache: Shared data cache path not found in *engine.ini, will not use an Shared cache.
[2021.02.02-00.31.05:845][  0]LogDerivedDataCache: Unable to find inner node Shared for hierarchical cache Hierarchy.
[2021.02.02-00.31.05:867][  0]LogMaterial: Verifying Global Shaders for PCD3D_SM5
[2021.02.02-00.31.05:888][  0]LogSlate: Using FreeType 2.6.0
[2021.02.02-00.31.05:914][  0]LogSlate: SlateFontServices - WITH_FREETYPE: 1, WITH_HARFBUZZ: 1
[2021.02.02-00.31.06:343][  0]LogAssetRegistry: FAssetRegistry took 0.0277 seconds to start up
[2021.02.02-00.31.08:482][  0]LogInit: Selected Device Profile: [Windows]
[2021.02.02-00.31.10:602][  0]LogSimplygon: Simplygon DLL not present - disabling.
[2021.02.02-00.31.10:837][  0]LogMeshReduction: Using SimplygonSwarm for distributed automatic mesh merging
[2021.02.02-00.31.10:837][  0]LogMeshReduction: Using ProxyLODMeshReduction for automatic mesh merging
[2021.02.02-00.31.10:837][  0]LogMeshReduction: Using QuadricMeshReduction for automatic static mesh reduction
[2021.02.02-00.31.10:837][  0]LogMeshReduction: No automatic skeletal mesh reduction module available
[2021.02.02-00.31.11:093][  0]LogNetVersion: hanahuda 1.0.0, NetCL: 4212847, EngineNetVer: 5, GameNetVer: 0 (Checksum: 2178811581)
[2021.02.02-00.31.14:626][  0]LogPackageLocalizationCache: Processed 13 localized package path(s) for 2 prioritized culture(s) in 0.283154 seconds
[2021.02.02-00.31.14:634][  0]LogUObjectArray: 38425 objects as part of root set at end of initial load.
[2021.02.02-00.31.14:634][  0]LogUObjectAllocator: 6690864 out of 0 bytes used by permanent object pool.
[2021.02.02-00.31.14:634][  0]LogUObjectArray: CloseDisregardForGC: 0/0 objects in disregard for GC pool
[2021.02.02-00.31.39:888][  0]LogTcpMessaging: Initializing TcpMessaging bridge
[2021.02.02-00.31.39:920][  0]LogUdpMessaging: Initializing bridge on interface 0.0.0.0:0 to multicast group 230.0.0.1:6666.
[2021.02.02-00.31.41:613][  0]SourceControl: ソースコントロールは無効です
[2021.02.02-00.31.41:613][  0]SourceControl: ソースコントロールは無効です
[2021.02.02-00.31.41:654][  0]SourceControl: ソースコントロールは無効です
[2021.02.02-00.31.41:665][  0]SourceControl: ソースコントロールは無効です
[2021.02.02-00.31.43:231][  0]LogAndroidPermission: UAndroidPermissionCallbackProxy::GetInstance
[2021.02.02-00.31.43:502][  0]LogOcInput: OculusInput pre-init called
[2021.02.02-00.31.51:864][  0]LogEngine: Initializing Engine...
[2021.02.02-00.31.51:876][  0]LogHMD: Failed to initialize OpenVR with code 100
[2021.02.02-00.31.51:889][  0]LogStats: UGameplayTagsManager::ConstructGameplayTagTree: ImportINI prefixes -  0.000 s
[2021.02.02-00.31.51:889][  0]LogStats: UGameplayTagsManager::ConstructGameplayTagTree: Construct from data asset -  0.000 s
[2021.02.02-00.31.51:889][  0]LogStats: UGameplayTagsManager::ConstructGameplayTagTree: ImportINI -  0.000 s
[2021.02.02-00.31.51:889][  0]LogStats: UGameplayTagsManager::ConstructGameplayTagTree: GameplayTagTreeChangedEvent.Broadcast -  0.000 s
[2021.02.02-00.31.52:798][  0]LogInit: Initializing FReadOnlyCVARCache
[2021.02.02-00.31.52:902][  0]LogAIModule: Creating AISystem for world Untitled
[2021.02.02-00.31.52:920][  0]LogInit: XAudio2 using 'スピーカー (Realtek High Definition Audio)' : 2 channels at 48 kHz using 32 bits per sample (channel mask 0x3)
[2021.02.02-00.31.53:020][  0]LogInit: FAudioDevice initialized.
[2021.02.02-00.31.53:020][  0]LogNetVersion: Set ProjectVersion to 1.0.0.0. Version Checksum will be recalculated on next use.
[2021.02.02-00.31.53:394][  0]LogDerivedDataCache: Saved boot cache 0.37s 72MB C:/Users/CG15/AppData/Local/UnrealEngine/4.20/DerivedDataCache/Boot.ddc.
[2021.02.02-00.31.53:402][  0]LogInit: Texture streaming: Enabled
[2021.02.02-00.31.53:467][  0]LogEngineSessionManager: EngineSessionManager initialized
[2021.02.02-00.31.53:477][  0]LogEngineSessionManager: EngineSessionManager sent abnormal shutdown report. Type=AbnormalShutdown, SessionId={2A340A80-4216-17B9-691B-E1A296AF53D1}
[2021.02.02-00.31.53:688][  0]LogInit: Transaction tracking system initialized
[2021.02.02-00.31.53:919][  0]BlueprintLog: New page: エディタの読み込み
[2021.02.02-00.31.56:264][  0]LocalizationService: ローカライズのサービスが無効になりました
[2021.02.02-00.31.59:412][  0]LogCook: Display: Max memory allowance for cook 16384mb min free memory 0mb
[2021.02.02-00.31.59:412][  0]LogCook: Display: Mobile HDR setting 1
[2021.02.02-00.31.59:412][  0]LogGameplayTags: Display: UGameplayTagsManager::DoneAddingNativeTags. DelegateIsBound: 0
[2021.02.02-00.31.59:412][  0]LogStats: UGameplayTagsManager::ConstructGameplayTagTree: ImportINI prefixes -  0.000 s
[2021.02.02-00.31.59:412][  0]LogStats: UGameplayTagsManager::ConstructGameplayTagTree: Construct from data asset -  0.000 s
[2021.02.02-00.31.59:412][  0]LogStats: UGameplayTagsManager::ConstructGameplayTagTree: ImportINI -  0.000 s
[2021.02.02-00.31.59:412][  0]LogStats: UGameplayTagsManager::ConstructGameplayTagTree: GameplayTagTreeChangedEvent.Broadcast -  0.000 s
[2021.02.02-00.31.59:973][  0]LogFileCache: Scanning file cache for directory 'C:/Users/CG15/Desktop/SOC19073/hanahuda/Content/' took 0.02s
[2021.02.02-00.32.04:651][  0]SourceControl: ソースコントロールは無効です
[2021.02.02-00.32.04:652][  0]Cmd: MAP LOAD FILE="../../../../../../Users/CG15/Desktop/SOC19073/hanahuda/Content/StarterContent/Maps/Minimal_Default.umap" TEMPLATE=0 SHOWPROGRESS=1 FEATURELEVEL=3
[2021.02.02-00.32.04:664][  0]LightingResults: New page: ライティングのビルド
[2021.02.02-00.32.04:689][  0]MapCheck: New page: マップをチェック
[2021.02.02-00.32.04:689][  0]LightingResults: New page: <何も選択されていません>
[2021.02.02-00.32.06:962][  0]LogAIModule: Creating AISystem for world Minimal_Default
[2021.02.02-00.32.07:121][  0]LogEditorServer: Finished looking for orphan Actors (0.000 secs)
[2021.02.02-00.32.07:145][  0]Cmd: MAP CHECKDEP NOCLEARLOG
[2021.02.02-00.32.07:253][  0]MapCheck: マップチェックが完了: 0 エラー、 0 警告、完了に 107.781ミリ秒かかりました。
[2021.02.02-00.32.07:253][  0]LogFileHelpers: Loading map 'Minimal_Default' took 2.601
[2021.02.02-00.32.07:739][  0]LogSlate: Updating window title bar state: overlay mode, drag disabled, window buttons hidden, title bar hidden
[2021.02.02-00.32.07:746][  0]LogSlate: Updating window title bar state: overlay mode, drag disabled, window buttons hidden, title bar hidden
[2021.02.02-00.32.07:754][  0]LogSlate: Updating window title bar state: overlay mode, drag disabled, window buttons hidden, title bar hidden
[2021.02.02-00.32.07:763][  0]LogSlate: Updating window title bar state: overlay mode, drag disabled, window buttons hidden, title bar hidden
[2021.02.02-00.32.07:857][  0]LogCollectionManager: Loaded 0 collections in 0.002072 seconds
[2021.02.02-00.32.07:915][  0]LogFileCache: Scanning file cache for directory 'C:/Users/CG15/Desktop/SOC19073/hanahuda/Saved/Collections/' took 0.01s
[2021.02.02-00.32.07:915][  0]LogFileCache: Scanning file cache for directory 'C:/Users/CG15/Desktop/SOC19073/hanahuda/Content/Developers/CG15/Collections/' took 0.01s
[2021.02.02-00.32.07:915][  0]LogFileCache: Scanning file cache for directory 'C:/Users/CG15/Desktop/SOC19073/hanahuda/Content/Collections/' took 0.01s
[2021.02.02-00.32.07:915][  0]LogCollectionManager: Rebuilt the GUID cache for 0 collections in 0.000000 seconds
[2021.02.02-00.32.07:924][  0]LogContentBrowser: Native class hierarchy populated in 0.0091 seconds. Added 2621 classes and 629 folders.
[2021.02.02-00.32.08:020][  0]LogContentBrowser: Native class hierarchy updated for 'WidgetCarousel' in 0.0004 seconds. Added 0 classes and 0 folders.
[2021.02.02-00.32.09:082][  0]LogContentBrowser: Native class hierarchy updated for 'AddContentDialog' in 0.0003 seconds. Added 0 classes and 0 folders.
[2021.02.02-00.32.09:105][  0]LogContentBrowser: Native class hierarchy updated for 'SceneOutliner' in 0.0003 seconds. Added 1 classes and 2 folders.
[2021.02.02-00.32.09:407][  0]LogSlate: Took 0.021314 seconds to synchronously load lazily loaded font '../../../Engine/Content/Slate/Fonts/Roboto-Regular.ttf' (155K)
[2021.02.02-00.32.09:423][  0]LogSlate: Took 0.013826 seconds to synchronously load lazily loaded font '../../../Engine/Content/Editor/Slate/Fonts/GenEiGothicPro-Regular.otf' (707K)
[2021.02.02-00.32.09:434][  0]LogSlate: Took 0.010099 seconds to synchronously load lazily loaded font '../../../Engine/Content/Editor/Slate/Fonts/GenEiGothicPro-Bold.otf' (698K)
[2021.02.02-00.32.09:446][  0]LogSlate: Took 0.012739 seconds to synchronously load lazily loaded font '../../../Engine/Content/Slate/Fonts/Roboto-Bold.ttf' (160K)
[2021.02.02-00.32.09:459][  0]LogSlate: Took 0.010173 seconds to synchronously load lazily loaded font '../../../Engine/Content/Editor/Slate/Fonts/FontAwesome.ttf' (139K)
[2021.02.02-00.32.09:673][  0]LogRenderer: Reallocating scene render targets to support 1208x652 Format 10 NumSamples 1 (Frame:1).
[2021.02.02-00.32.09:759][  0]LogSlate: Took 0.009621 seconds to synchronously load lazily loaded font '../../../Engine/Content/Slate/Fonts/Roboto-Light.ttf' (167K)
[2021.02.02-00.32.09:866][  0]LogContentBrowser: Native class hierarchy updated for 'HierarchicalLODOutliner' in 0.0003 seconds. Added 0 classes and 0 folders.
[2021.02.02-00.32.09:866][  0]LogLoad: (Engine Initialization) Total time: 107.92 seconds
[2021.02.02-00.32.09:866][  0]LogLoad: (Engine Initialization) Total Blueprint compile time: 0.00 seconds
[2021.02.02-00.32.09:915][  0]LogContentStreaming: Texture pool size now 1000 MB
[2021.02.02-00.32.10:019][  1]LogAssetRegistry: Asset discovery search completed in 63.6979 seconds
[2021.02.02-00.32.10:021][  1]LogCollectionManager: Rebuilt the object cache for 0 collections in 0.000000 seconds (found 0 objects)
[2021.02.02-00.32.10:021][  1]LogCollectionManager: Fixed up redirectors for 0 collections in 0.000047 seconds (updated 0 objects)
[2021.02.02-00.32.11:357][  5]LogSlate: Took 0.015568 seconds to synchronously load lazily loaded font '../../../Engine/Content/Editor/Slate/Fonts/GenEiGothicPro-Light.otf' (713K)
[2021.02.02-00.32.11:357][  5]LogSlate: Took 0.000280 seconds to synchronously load lazily loaded font '../../../Engine/Content/Slate/Fonts/Roboto-Light.ttf' (167K)
[2021.02.02-00.34.34:103][669]LogSlate: FSceneViewport::OnFocusLost() reason 0
[2021.02.02-00.34.34:244][686]LogTemp: Repeating last play command: 選択ビューポート
[2021.02.02-00.34.34:260][686]LogBlueprintUserMessages: Early PlayInEditor Detection: Level '/Game/StarterContent/Maps/Minimal_Default.Minimal_Default:PersistentLevel' has LevelScriptBlueprint '/Game/StarterContent/Maps/Minimal_Default.Minimal_Default:PersistentLevel.Minimal_Default' with GeneratedClass '/Game/StarterContent/Maps/Minimal_Default.Minimal_Default_C' with ClassGeneratedBy '/Game/StarterContent/Maps/Minimal_Default.Minimal_Default:PersistentLevel.Minimal_Default'
[2021.02.02-00.34.34:260][686]LogPlayLevel: PlayLevel: No blueprints needed recompiling
[2021.02.02-00.34.34:273][686]PIE: New page: PIEセッション: Minimal_Default (2021/02/02 18:34:34)
[2021.02.02-00.34.34:273][686]LogPlayLevel: Creating play world package: /Game/StarterContent/Maps/UEDPIE_0_Minimal_Default
[2021.02.02-00.34.34:299][686]LogPlayLevel: PIE: StaticDuplicateObject took: (0.026089s)
[2021.02.02-00.34.34:300][686]LogAIModule: Creating AISystem for world Minimal_Default
[2021.02.02-00.34.34:301][686]LogPlayLevel: PIE: World Init took: (0.001080s)
[2021.02.02-00.34.34:301][686]LogPlayLevel: PIE: Created PIE world by copying editor world from /Game/StarterContent/Maps/Minimal_Default.Minimal_Default to /Game/StarterContent/Maps/UEDPIE_0_Minimal_Default.Minimal_Default (0.027361s)
[2021.02.02-00.34.34:328][686]LogInit: XAudio2 using 'スピーカー (Realtek High Definition Audio)' : 2 channels at 48 kHz using 32 bits per sample (channel mask 0x3)
[2021.02.02-00.34.34:347][686]LogInit: FAudioDevice initialized.
[2021.02.02-00.34.34:395][686]LogLoad: Game class is 'GameModeBase'
[2021.02.02-00.34.34:397][686]LogWorld: Bringing World /Game/StarterContent/Maps/UEDPIE_0_Minimal_Default.Minimal_Default up for play (max tick rate 0) at 2021.02.02-09.34.34
[2021.02.02-00.34.34:397][686]LogWorld: Bringing up level for play took: 0.001048
[2021.02.02-00.34.34:428][686]LogContentBrowser: Native class hierarchy updated for 'MovieSceneCapture' in 0.0003 seconds. Added 10 classes and 0 folders.
[2021.02.02-00.34.34:439][686]PIE: /Game/StarterContent/Maps/UEDPIE_0_Minimal_Default -0.31のプレイ イン エディタの開始時間
[2021.02.02-00.34.34:439][686]LogBlueprintUserMessages: Late PlayInEditor Detection: Level '/Game/StarterContent/Maps/Minimal_Default.Minimal_Default:PersistentLevel' has LevelScriptBlueprint '/Game/StarterContent/Maps/Minimal_Default.Minimal_Default:PersistentLevel.Minimal_Default' with GeneratedClass '/Game/StarterContent/Maps/Minimal_Default.Minimal_Default_C' with ClassGeneratedBy '/Game/StarterContent/Maps/Minimal_Default.Minimal_Default:PersistentLevel.Minimal_Default'
[2021.02.02-00.34.38:389][147]LogBlueprintUserMessages: Early EndPlayMap Detection: Level '/Game/StarterContent/Maps/Minimal_Default.Minimal_Default:PersistentLevel' has LevelScriptBlueprint '/Game/StarterContent/Maps/Minimal_Default.Minimal_Default:PersistentLevel.Minimal_Default' with GeneratedClass '/Game/StarterContent/Maps/Minimal_Default.Minimal_Default_C' with ClassGeneratedBy '/Game/StarterContent/Maps/Minimal_Default.Minimal_Default:PersistentLevel.Minimal_Default'
[2021.02.02-00.34.38:389][147]LogSlate: Updating window title bar state: overlay mode, drag disabled, window buttons hidden, title bar hidden
[2021.02.02-00.34.38:423][147]LogPlayLevel: Display: Shutting down PIE online subsystems
[2021.02.02-00.34.38:424][147]LogBlueprintUserMessages: Late EndPlayMap Detection: Level '/Game/StarterContent/Maps/Minimal_Default.Minimal_Default:PersistentLevel' has LevelScriptBlueprint '/Game/StarterContent/Maps/Minimal_Default.Minimal_Default:PersistentLevel.Minimal_Default' with GeneratedClass '/Game/StarterContent/Maps/Minimal_Default.Minimal_Default_C' with ClassGeneratedBy '/Game/StarterContent/Maps/Minimal_Default.Minimal_Default:PersistentLevel.Minimal_Default'
[2021.02.02-00.34.38:447][147]LogSlate: Updating window title bar state: overlay mode, drag disabled, window buttons hidden, title bar hidden
[2021.02.02-00.34.38:492][149]LogPlayLevel: Display: Destroying online subsystem :Context_2
[2021.02.02-00.34.42:762][658]LogSlate: FSceneViewport::OnFocusLost() reason 0
[2021.02.02-00.34.44:958][791]LogAIModule: Creating AISystem for world L1
[2021.02.02-00.34.44:966][791]LogAssetEditorManager: Opening Asset editor for World /Game/L1.L1
[2021.02.02-00.34.44:988][791]Cmd: MAP LOAD FILE="../../../../../../Users/CG15/Desktop/SOC19073/hanahuda/Content/L1.umap" TEMPLATE=0 SHOWPROGRESS=1 FEATURELEVEL=3
[2021.02.02-00.34.44:988][791]LightingResults: New page: ライティングのビルド
[2021.02.02-00.34.44:989][791]LoadErrors: New page: マップをロード中: L1.umap
[2021.02.02-00.34.44:990][791]MapCheck: New page: マップをチェック
[2021.02.02-00.34.44:990][791]LightingResults: New page: <何も選択されていません>
[2021.02.02-00.34.45:087][791]LogEditorServer: Finished looking for orphan Actors (0.000 secs)
[2021.02.02-00.34.45:134][791]Cmd: MAP CHECKDEP NOCLEARLOG
[2021.02.02-00.34.45:254][791]MapCheck: マップチェックが完了: 0 エラー、 0 警告、完了に 119.118ミリ秒かかりました。
[2021.02.02-00.34.45:255][791]LogFileHelpers: Loading map 'L1' took 0.269
[2021.02.02-00.34.52:393][466]LogEditorViewport: Clicking on Actor (LMB): Cube2_Blueprint_C (Cube2_Blueprint62)
[2021.02.02-00.34.52:869][510]LogEditorViewport: Clicking on Actor (LMB): PawnPlayer_C (PawnPlayer)
[2021.02.02-00.35.00:068][355]LogSlate: FSceneViewport::OnFocusLost() reason 0
[2021.02.02-00.35.00:185][369]LogTemp: Repeating last play command: 選択ビューポート
[2021.02.02-00.35.00:199][369]LogBlueprintUserMessages: Early PlayInEditor Detection: Level '/Game/L1.L1:PersistentLevel' has LevelScriptBlueprint '/Game/L1.L1:PersistentLevel.L1' with GeneratedClass '/Game/L1.L1_C' with ClassGeneratedBy '/Game/L1.L1:PersistentLevel.L1'
[2021.02.02-00.35.00:199][369]LogPlayLevel: PlayLevel: No blueprints needed recompiling
[2021.02.02-00.35.00:199][369]PIE: New page: PIEセッション: L1 (2021/02/02 18:35:00)
[2021.02.02-00.35.00:199][369]LogPlayLevel: Creating play world package: /Game/UEDPIE_0_L1
[2021.02.02-00.35.00:210][369]LogPlayLevel: PIE: StaticDuplicateObject took: (0.010366s)
[2021.02.02-00.35.00:211][369]LogAIModule: Creating AISystem for world L1
[2021.02.02-00.35.00:211][369]LogPlayLevel: PIE: World Init took: (0.001002s)
[2021.02.02-00.35.00:211][369]LogPlayLevel: PIE: Created PIE world by copying editor world from /Game/L1.L1 to /Game/UEDPIE_0_L1.L1 (0.011551s)
[2021.02.02-00.35.00:239][369]LogInit: XAudio2 using 'スピーカー (Realtek High Definition Audio)' : 2 channels at 48 kHz using 32 bits per sample (channel mask 0x3)
[2021.02.02-00.35.00:259][369]LogInit: FAudioDevice initialized.
[2021.02.02-00.35.00:292][369]LogLoad: Game class is 'GameModeBase'
[2021.02.02-00.35.00:295][369]LogWorld: Bringing World /Game/UEDPIE_0_L1.L1 up for play (max tick rate 0) at 2021.02.02-09.35.00
[2021.02.02-00.35.00:296][369]LogWorld: Bringing up level for play took: 0.002719
[2021.02.02-00.35.00:308][369]PIE: /Game/UEDPIE_0_L1 -0.441のプレイ イン エディタの開始時間
[2021.02.02-00.35.00:308][369]LogBlueprintUserMessages: Late PlayInEditor Detection: Level '/Game/L1.L1:PersistentLevel' has LevelScriptBlueprint '/Game/L1.L1:PersistentLevel.L1' with GeneratedClass '/Game/L1.L1_C' with ClassGeneratedBy '/Game/L1.L1:PersistentLevel.L1'
[2021.02.02-00.35.02:761][660]LogBlueprintUserMessages: Early EndPlayMap Detection: Level '/Game/L1.L1:PersistentLevel' has LevelScriptBlueprint '/Game/L1.L1:PersistentLevel.L1' with GeneratedClass '/Game/L1.L1_C' with ClassGeneratedBy '/Game/L1.L1:PersistentLevel.L1'
[2021.02.02-00.35.02:761][660]LogSlate: Updating window title bar state: overlay mode, drag disabled, window buttons hidden, title bar hidden
[2021.02.02-00.35.02:798][660]LogPlayLevel: Display: Shutting down PIE online subsystems
[2021.02.02-00.35.02:798][660]LogBlueprintUserMessages: Late EndPlayMap Detection: Level '/Game/L1.L1:PersistentLevel' has LevelScriptBlueprint '/Game/L1.L1:PersistentLevel.L1' with GeneratedClass '/Game/L1.L1_C' with ClassGeneratedBy '/Game/L1.L1:PersistentLevel.L1'
[2021.02.02-00.35.02:821][660]LogSlate: Updating window title bar state: overlay mode, drag disabled, window buttons hidden, title bar hidden
[2021.02.02-00.35.02:866][663]LogPlayLevel: Display: Destroying online subsystem :Context_5
[2021.02.02-00.36.07:973][468]LogEditorViewport: Clicking on Actor (LMB): Cube2_Blueprint_C (Cube2_Blueprint60)
[2021.02.02-00.36.21:499][963]LogSlate: FSceneViewport::OnFocusLost() reason 0
[2021.02.02-00.36.21:693][980]LogAssetEditorManager: Opening Asset editor for Blueprint /Game/ActorPlayer.ActorPlayer
[2021.02.02-00.36.22:381][980]LogContentBrowser: Native class hierarchy updated for 'BlueprintGraph' in 0.0007 seconds. Added 116 classes and 0 folders.
[2021.02.02-00.36.36:264][270]LogSlate: Window 'ActorPlayer' being destroyed
[2021.02.02-00.36.39:950][457]LogAssetEditorManager: Opening Asset editor for Blueprint /Game/PlayerController.PlayerController
[2021.02.02-00.36.40:358][457]LogSlate: Took 0.015588 seconds to synchronously load lazily loaded font '../../../Engine/Content/Editor/Slate/Fonts/GenEiGothicPro-SemiBold.otf' (703K)
[2021.02.02-00.36.40:373][457]LogSlate: Took 0.015315 seconds to synchronously load lazily loaded font '../../../Engine/Content/Slate/Fonts/Roboto-BoldCondensed.ttf' (158K)
[2021.02.02-00.37.05:465][533]LogAssetEditorManager: Opening Asset editor for Blueprint /Game/ActorPlayer.ActorPlayer
[2021.02.02-00.37.07:300][646]LogRenderer: Reallocating scene render targets to support 1208x808 Format 10 NumSamples 1 (Frame:1).
[2021.02.02-00.37.16:937][474]LogSlate: FSceneViewport::OnFocusLost() reason 0
[2021.02.02-00.37.31:241][741]LogSlate: FSceneViewport::OnFocusLost() reason 2
[2021.02.02-00.37.44:217][905]LogSlate: FSceneViewport::OnFocusLost() reason 0
[2021.02.02-00.37.47:328][178]LogSlate: FSceneViewport::OnFocusLost() reason 0
[2021.02.02-00.37.52:737][663]LogSlate: Took 0.013001 seconds to synchronously load lazily loaded font '../../../Engine/Content/Slate/Fonts/Roboto-Italic.ttf' (157K)
[2021.02.02-00.37.54:242][798]LogSlate: FSceneViewport::OnFocusLost() reason 2
[2021.02.02-00.38.00:929][416]LogSlate: FSceneViewport::OnFocusLost() reason 0
[2021.02.02-00.38.01:040][426]BlueprintLog: New page: ActorPlayer をコンパイル
[2021.02.02-00.38.04:839][748]LogTemp: Repeating last play command: 選択ビューポート
[2021.02.02-00.38.04:860][748]LogBlueprintUserMessages: Early PlayInEditor Detection: Level '/Game/L1.L1:PersistentLevel' has LevelScriptBlueprint '/Game/L1.L1:PersistentLevel.L1' with GeneratedClass '/Game/L1.L1_C' with ClassGeneratedBy '/Game/L1.L1:PersistentLevel.L1'
[2021.02.02-00.38.04:860][748]LogPlayLevel: PlayLevel: No blueprints needed recompiling
[2021.02.02-00.38.04:860][748]PIE: New page: PIEセッション: L1 (2021/02/02 18:38:04)
[2021.02.02-00.38.04:860][748]LogPlayLevel: Creating play world package: /Game/UEDPIE_0_L1
[2021.02.02-00.38.04:869][748]LogPlayLevel: PIE: StaticDuplicateObject took: (0.009352s)
[2021.02.02-00.38.04:870][748]LogAIModule: Creating AISystem for world L1
[2021.02.02-00.38.04:870][748]LogPlayLevel: PIE: World Init took: (0.000817s)
[2021.02.02-00.38.04:870][748]LogPlayLevel: PIE: Created PIE world by copying editor world from /Game/L1.L1 to /Game/UEDPIE_0_L1.L1 (0.010355s)
[2021.02.02-00.38.04:904][748]LogInit: XAudio2 using 'スピーカー (Realtek High Definition Audio)' : 2 channels at 48 kHz using 32 bits per sample (channel mask 0x3)
[2021.02.02-00.38.04:924][748]LogInit: FAudioDevice initialized.
[2021.02.02-00.38.04:959][748]LogLoad: Game class is 'GameModeBase'
[2021.02.02-00.38.04:961][748]LogWorld: Bringing World /Game/UEDPIE_0_L1.L1 up for play (max tick rate 0) at 2021.02.02-09.38.04
[2021.02.02-00.38.04:962][748]LogWorld: Bringing up level for play took: 0.002589
[2021.02.02-00.38.04:975][748]PIE: /Game/UEDPIE_0_L1 0.226のプレイ イン エディタの開始時間
[2021.02.02-00.38.04:976][748]LogBlueprintUserMessages: Late PlayInEditor Detection: Level '/Game/L1.L1:PersistentLevel' has LevelScriptBlueprint '/Game/L1.L1:PersistentLevel.L1' with GeneratedClass '/Game/L1.L1_C' with ClassGeneratedBy '/Game/L1.L1:PersistentLevel.L1'
[2021.02.02-00.38.23:739][986]LogBlueprintUserMessages: Early EndPlayMap Detection: Level '/Game/L1.L1:PersistentLevel' has LevelScriptBlueprint '/Game/L1.L1:PersistentLevel.L1' with GeneratedClass '/Game/L1.L1_C' with ClassGeneratedBy '/Game/L1.L1:PersistentLevel.L1'
[2021.02.02-00.38.23:740][986]LogSlate: Updating window title bar state: overlay mode, drag disabled, window buttons hidden, title bar hidden
[2021.02.02-00.38.23:778][986]LogPlayLevel: Display: Shutting down PIE online subsystems
[2021.02.02-00.38.23:778][986]LogBlueprintUserMessages: Late EndPlayMap Detection: Level '/Game/L1.L1:PersistentLevel' has LevelScriptBlueprint '/Game/L1.L1:PersistentLevel.L1' with GeneratedClass '/Game/L1.L1_C' with ClassGeneratedBy '/Game/L1.L1:PersistentLevel.L1'
[2021.02.02-00.38.23:806][986]LogSlate: Updating window title bar state: overlay mode, drag disabled, window buttons hidden, title bar hidden
[2021.02.02-00.38.23:849][988]LogPlayLevel: Display: Destroying online subsystem :Context_12
[2021.02.02-00.38.29:662][685]LogSlate: FSceneViewport::OnFocusLost() reason 0
[2021.02.02-00.38.32:672][983]LogSlate: FSceneViewport::OnFocusLost() reason 2
[2021.02.02-00.38.32:695][983]Cmd: OBJ SAVEPACKAGE PACKAGE="/Game/ActorPlayer" FILE="../../../../../../Users/CG15/Desktop/SOC19073/hanahuda/Content/ActorPlayer.uasset" SILENT=true
[2021.02.02-00.38.32:784][983]LogSavePackage: Moving '../../../../../../Users/CG15/Desktop/SOC19073/hanahuda/Saved/ActorPlayer2DC5291D45BAE82665640B80EE4AB443.tmp' to '../../../../../../Users/CG15/Desktop/SOC19073/hanahuda/Content/ActorPlayer.uasset'
[2021.02.02-00.38.54:765][324]LogEditorViewport: Clicking on Actor (LMB): StaticMeshActor (Plane)
[2021.02.02-00.38.56:500][518]LogSlate: FSceneViewport::OnFocusLost() reason 0
[2021.02.02-00.38.56:609][531]LogTemp: Repeating last play command: 選択ビューポート
[2021.02.02-00.38.56:635][531]LogBlueprintUserMessages: Early PlayInEditor Detection: Level '/Game/L1.L1:PersistentLevel' has LevelScriptBlueprint '/Game/L1.L1:PersistentLevel.L1' with GeneratedClass '/Game/L1.L1_C' with ClassGeneratedBy '/Game/L1.L1:PersistentLevel.L1'
[2021.02.02-00.38.56:635][531]LogPlayLevel: PlayLevel: No blueprints needed recompiling
[2021.02.02-00.38.56:635][531]PIE: New page: PIEセッション: L1 (2021/02/02 18:38:56)
[2021.02.02-00.38.56:635][531]LogPlayLevel: Creating play world package: /Game/UEDPIE_0_L1
[2021.02.02-00.38.56:645][531]LogPlayLevel: PIE: StaticDuplicateObject took: (0.009722s)
[2021.02.02-00.38.56:646][531]LogAIModule: Creating AISystem for world L1
[2021.02.02-00.38.56:646][531]LogPlayLevel: PIE: World Init took: (0.000993s)
[2021.02.02-00.38.56:646][531]LogPlayLevel: PIE: Created PIE world by copying editor world from /Game/L1.L1 to /Game/UEDPIE_0_L1.L1 (0.010871s)
[2021.02.02-00.38.56:680][531]LogInit: XAudio2 using 'スピーカー (Realtek High Definition Audio)' : 2 channels at 48 kHz using 32 bits per sample (channel mask 0x3)
[2021.02.02-00.38.56:701][531]LogInit: FAudioDevice initialized.
[2021.02.02-00.38.56:735][531]LogLoad: Game class is 'GameModeBase'
[2021.02.02-00.38.56:739][531]LogWorld: Bringing World /Game/UEDPIE_0_L1.L1 up for play (max tick rate 0) at 2021.02.02-09.38.56
[2021.02.02-00.38.56:739][531]LogWorld: Bringing up level for play took: 0.003096
[2021.02.02-00.38.56:752][531]PIE: /Game/UEDPIE_0_L1 0.003のプレイ イン エディタの開始時間
[2021.02.02-00.38.56:752][531]LogBlueprintUserMessages: Late PlayInEditor Detection: Level '/Game/L1.L1:PersistentLevel' has LevelScriptBlueprint '/Game/L1.L1:PersistentLevel.L1' with GeneratedClass '/Game/L1.L1_C' with ClassGeneratedBy '/Game/L1.L1:PersistentLevel.L1'
[2021.02.02-00.38.59:863][901]LogBlueprintUserMessages: Early EndPlayMap Detection: Level '/Game/L1.L1:PersistentLevel' has LevelScriptBlueprint '/Game/L1.L1:PersistentLevel.L1' with GeneratedClass '/Game/L1.L1_C' with ClassGeneratedBy '/Game/L1.L1:PersistentLevel.L1'
[2021.02.02-00.38.59:863][901]LogSlate: Updating window title bar state: overlay mode, drag disabled, window buttons hidden, title bar hidden
[2021.02.02-00.38.59:896][901]LogPlayLevel: Display: Shutting down PIE online subsystems
[2021.02.02-00.38.59:896][901]LogBlueprintUserMessages: Late EndPlayMap Detection: Level '/Game/L1.L1:PersistentLevel' has LevelScriptBlueprint '/Game/L1.L1:PersistentLevel.L1' with GeneratedClass '/Game/L1.L1_C' with ClassGeneratedBy '/Game/L1.L1:PersistentLevel.L1'
[2021.02.02-00.38.59:932][901]LogSlate: Updating window title bar state: overlay mode, drag disabled, window buttons hidden, title bar hidden
[2021.02.02-00.38.59:969][903]LogPlayLevel: Display: Destroying online subsystem :Context_14
[2021.02.02-00.39.00:999][ 16]LogSlate: FSceneViewport::OnFocusLost() reason 0
[2021.02.02-00.39.03:159][233]LogSlate: FSceneViewport::OnFocusLost() reason 0
[2021.02.02-00.45.08:775][479]Cmd: OBJ SAVEPACKAGE PACKAGE="/Game/L1" FILE="../../../../../../Users/CG15/Desktop/SOC19073/hanahuda/Saved/Autosaves/Game/L1_Auto1.umap" SILENT=true AUTOSAVING=true KEEPDIRTY=false
[2021.02.02-00.45.09:042][479]LogSavePackage: Moving '../../../../../../Users/CG15/Desktop/SOC19073/hanahuda/Saved/L1_Auto1A57429DA4A174DA571FB8885C1DAB381.tmp' to '../../../../../../Users/CG15/Desktop/SOC19073/hanahuda/Saved/Autosaves/Game/L1_Auto1.umap'
[2021.02.02-00.45.09:045][479]LogFileHelpers: Editor autosave (incl. sublevels) for '/Game/L1' took 0.306
[2021.02.02-00.45.09:045][479]LogFileHelpers: Editor autosave (incl. sublevels) for all levels took 0.306
[2021.02.02-00.45.09:047][479]OBJ SavePackage: Generating thumbnails for [0] asset(s) in package [/Game/ActorPlayer] ([1] browsable assets)...
[2021.02.02-00.45.09:047][479]OBJ SavePackage: Finished generating thumbnails for package [/Game/ActorPlayer]
[2021.02.02-00.45.09:047][479]Cmd: OBJ SAVEPACKAGE PACKAGE="/Game/ActorPlayer" FILE="../../../../../../Users/CG15/Desktop/SOC19073/hanahuda/Saved/Autosaves/Game/ActorPlayer_Auto1.uasset" SILENT=false AUTOSAVING=true
[2021.02.02-00.45.09:060][479]LogSavePackage: Moving '../../../../../../Users/CG15/Desktop/SOC19073/hanahuda/Saved/ActorPlayer_Auto1FF603B2D46BB056853633C9C514A4B6B.tmp' to '../../../../../../Users/CG15/Desktop/SOC19073/hanahuda/Saved/Autosaves/Game/ActorPlayer_Auto1.uasset'
[2021.02.02-00.45.09:060][479]LogFileHelpers: Auto-saving content packages took 0.014
