Log file open, 01/29/21 13:03:52
LogWindows: Failed to load 'aqProf.dll' (GetLastError=126)
LogWindows: File 'aqProf.dll' does not exist
LogWindows: Failed to load 'VSPerf140.dll' (GetLastError=126)
LogWindows: File 'VSPerf140.dll' does not exist
LogWindows: Failed to load 'VtuneApi.dll' (GetLastError=126)
LogWindows: File 'VtuneApi.dll' does not exist
LogWindows: Failed to load 'VtuneApi32e.dll' (GetLastError=126)
LogWindows: File 'VtuneApi32e.dll' does not exist
LogInit: Display: Running engine for game: hanahuda
LogPlatformFile: Not using cached read wrapper
LogTaskGraph: Started task graph with 5 named threads and 23 total threads with 3 sets of task threads.
LogStats: Stats thread started at 0.287941
LogD3D11RHI: Loaded GFSDK_Aftermath_Lib.x64.dll
LogICUInternationalization: Display: ICU TimeZone Detection - Raw Offset: +9:00, Platform Override: ''
LogPluginManager: Mounting plugin Paper2D
LogPluginManager: Mounting plugin AISupport
LogPluginManager: Mounting plugin LightPropagationVolume
LogPluginManager: Mounting plugin CLionSourceCodeAccess
LogPluginManager: Mounting plugin CodeLiteSourceCodeAccess
LogPluginManager: Mounting plugin GitSourceControl
LogPluginManager: Mounting plugin KDevelopSourceCodeAccess
LogPluginManager: Mounting plugin NullSourceCodeAccess
LogPluginManager: Mounting plugin PerforceSourceControl
LogPluginManager: Mounting plugin SubversionSourceControl
LogPluginManager: Mounting plugin UObjectPlugin
LogPluginManager: Mounting plugin VisualStudioCodeSourceCodeAccess
LogPluginManager: Mounting plugin VisualStudioSourceCodeAccess
LogPluginManager: Mounting plugin XCodeSourceCodeAccess
LogPluginManager: Mounting plugin AssetManagerEditor
LogPluginManager: Mounting plugin CryptoKeys
LogPluginManager: Mounting plugin DataValidation
LogPluginManager: Mounting plugin EditorScriptingUtilities
LogPluginManager: Mounting plugin FacialAnimation
LogPluginManager: Mounting plugin GameplayTagsEditor
LogPluginManager: Mounting plugin MacGraphicsSwitching
LogPluginManager: Mounting plugin MeshEditor
LogPluginManager: Mounting plugin MobileLauncherProfileWizard
LogPluginManager: Mounting plugin PluginBrowser
LogPluginManager: Mounting plugin SpeedTreeImporter
LogPluginManager: Mounting plugin DatasmithContent
LogPluginManager: Mounting plugin AlembicImporter
LogPluginManager: Mounting plugin AppleImageUtils
LogPluginManager: Mounting plugin AppleVision
LogPluginManager: Mounting plugin BackChannel
LogPluginManager: Mounting plugin CharacterAI
LogPluginManager: Mounting plugin GeometryCache
LogPluginManager: Mounting plugin HTML5Networking
LogPluginManager: Mounting plugin ProxyLODPlugin
LogPluginManager: Mounting plugin MagicLeap
LogPluginManager: Mounting plugin MagicLeapEmulator
LogPluginManager: Mounting plugin MagicLeapMedia
LogPluginManager: Mounting plugin AndroidMedia
LogPluginManager: Mounting plugin AvfMedia
LogPluginManager: Mounting plugin ImgMedia
LogPluginManager: Mounting plugin LinearTimecode
LogPluginManager: Mounting plugin MediaCompositing
LogPluginManager: Mounting plugin MediaPlayerEditor
LogPluginManager: Mounting plugin WmfMedia
LogPluginManager: Mounting plugin TcpMessaging
LogPluginManager: Mounting plugin UdpMessaging
LogPluginManager: Mounting plugin ActorSequence
LogPluginManager: Mounting plugin LevelSequenceEditor
LogPluginManager: Mounting plugin MatineeToLevelSequence
LogPluginManager: Mounting plugin NetcodeUnitTest
LogPluginManager: Mounting plugin NUTUnrealEngine4
LogPluginManager: Mounting plugin OnlineSubsystemGooglePlay
LogPluginManager: Mounting plugin OnlineSubsystemIOS
LogPluginManager: Mounting plugin OnlineSubsystem
LogPluginManager: Mounting plugin OnlineSubsystemNull
LogPluginManager: Mounting plugin OnlineSubsystemUtils
LogPluginManager: Mounting plugin LauncherChunkInstaller
LogPluginManager: Mounting plugin AndroidDeviceProfileSelector
LogPluginManager: Mounting plugin AndroidMoviePlayer
LogPluginManager: Mounting plugin AndroidPermission
LogPluginManager: Mounting plugin AppleMoviePlayer
LogPluginManager: Mounting plugin ArchVisCharacter
LogPluginManager: Mounting plugin AudioCapture
LogPluginManager: Mounting plugin CableComponent
LogPluginManager: Mounting plugin CustomMeshComponent
LogPluginManager: Mounting plugin EditableMesh
LogPluginManager: Mounting plugin ExampleDeviceProfileSelector
LogPluginManager: Mounting plugin GoogleCloudMessaging
LogPluginManager: Mounting plugin ImmediatePhysics
LogPluginManager: Mounting plugin IOSDeviceProfileSelector
LogPluginManager: Mounting plugin LinuxDeviceProfileSelector
LogPluginManager: Mounting plugin LocationServicesBPLibrary
LogPluginManager: Mounting plugin MobilePatchingUtils
LogPluginManager: Mounting plugin OculusVR
LogPluginManager: Plugin shader directory ../../../Engine/Plugins/Runtime/Oculus/OculusVR/Shaders found
LogPluginManager: Mapping shader source directory ../../../Engine/Plugins/Runtime/Oculus/OculusVR/Shaders to virtual directory /Plugin/OculusVR
LogPluginManager: Mounting plugin PhysXVehicles
LogPluginManager: Mounting plugin ProceduralMeshComponent
LogPluginManager: Mounting plugin RuntimePhysXCooking
LogPluginManager: Mounting plugin SteamVR
LogPluginManager: Mounting plugin WindowsMoviePlayer
LogPluginManager: Mounting plugin DatasmithCADImporter
LogPluginManager: Mounting plugin DatasmithFBXImporter
LogPluginManager: Mounting plugin DatasmithImporter
LogPluginManager: Mounting plugin DatasmithMDLImporter
LogPluginManager: Mounting plugin StaticMeshEditorExtension
LogStreaming: Display: Took  0.109s to configure plugins.
LogInit: Using libcurl 7.55.1-DEV
LogInit:  - built for x86_64-pc-win32
LogInit:  - supports SSL with OpenSSL/1.0.2h
LogInit:  - supports HTTP deflate (compression) using libz 1.2.8
LogInit:  - other features:
LogInit:      CURL_VERSION_SSL
LogInit:      CURL_VERSION_LIBZ
LogInit:      CURL_VERSION_IPV6
LogInit:      CURL_VERSION_ASYNCHDNS
LogInit:      CURL_VERSION_LARGEFILE
LogInit:      CURL_VERSION_IDN
LogInit:  CurlRequestOptions (configurable via config and command line):
LogInit:  - bVerifyPeer = false  - Libcurl will NOT verify peer certificate
LogInit:  - bUseHttpProxy = false  - Libcurl will NOT use HTTP proxy
LogInit:  - bDontReuseConnections = false  - Libcurl will reuse connections
LogInit:  - CertBundlePath = nullptr  - Libcurl will use whatever was configured at build time.
LogInit:  - MaxHostConnections = 16  - Libcurl will limit the number of connections to a host
LogInit:  - LocalHostAddr = Default
LogInit:  - BufferSize = 65536
LogInit: WinSock: version 1.1 (2.2), MaxSocks=32767, MaxUdp=65467
LogInit: Build: ++UE4+Release-4.20-CL-4369336
LogInit: Engine Version: 4.20.3-4369336+++UE4+Release-4.20
LogInit: Compatible Engine Version: 4.20.0-4212847+++UE4+Release-4.20
LogInit: Net CL: 4212847
LogInit: OS: Windows 10 (), CPU: Intel(R) Core(TM) i7-6700 CPU @ 3.40GHz, GPU: NVIDIA GeForce GTX 980
LogInit: Compiled (64-bit): Sep 17 2018 12:26:19
LogInit: Compiled with Visual C++: 19.13.26129.00
LogInit: Build Configuration: Development
LogInit: Branch Name: ++UE4+Release-4.20
LogInit: Command Line:  
LogInit: Base Directory: C:/Program Files/Epic Games/UE_4.20/Engine/Binaries/Win64/
LogInit: Installed Engine Build: 1
LogDevObjectVersion: Number of dev versions registered: 20
LogDevObjectVersion:   Dev-Blueprints (B0D832E4-1F89-4F0D-ACCF-7EB736FD4AA2): 10
LogDevObjectVersion:   Dev-Build (E1C64328-A22C-4D53-A36C-8E866417BD8C): 0
LogDevObjectVersion:   Dev-Core (375EC13C-06E4-48FB-B500-84F0262A717E): 2
LogDevObjectVersion:   Dev-Editor (E4B068ED-F494-42E9-A231-DA0B2E46BB41): 24
LogDevObjectVersion:   Dev-Framework (CFFC743F-43B0-4480-9391-14DF171D2073): 34
LogDevObjectVersion:   Dev-Mobile (B02B49B5-BB20-44E9-A304-32B752E40360): 2
LogDevObjectVersion:   Dev-Networking (A4E4105C-59A1-49B5-A7C5-40C4547EDFEE): 0
LogDevObjectVersion:   Dev-Online (39C831C9-5AE6-47DC-9A44-9C173E1C8E7C): 0
LogDevObjectVersion:   Dev-Physics (78F01B33-EBEA-4F98-B9B4-84EACCB95AA2): 0
LogDevObjectVersion:   Dev-Platform (6631380F-2D4D-43E0-8009-CF276956A95A): 0
LogDevObjectVersion:   Dev-Rendering (12F88B9F-8875-4AFC-A67C-D90C383ABD29): 26
LogDevObjectVersion:   Dev-Sequencer (7B5AE74C-D270-4C10-A958-57980B212A5A): 9
LogDevObjectVersion:   Dev-VR (D7296918-1DD6-4BDD-9DE2-64A83CC13884): 2
LogDevObjectVersion:   Dev-LoadTimes (C2A15278-BFE7-4AFE-6C17-90FF531DF755): 1
LogDevObjectVersion:   Private-Geometry (6EACA3D4-40EC-4CC1-B786-8BED09428FC5): 3
LogDevObjectVersion:   Dev-AnimPhys (29E575DD-E0A3-4627-9D10-D276232CDCEA): 17
LogDevObjectVersion:   Dev-ReflectionCapture (6B266CEC-1EC7-4B8F-A30B-E4D90942FC07): 1
LogDevObjectVersion:   Dev-Automation (0DF73D61-A23F-47EA-B727-89E90C41499A): 1
LogDevObjectVersion:   FortniteMain (601D1886-AC64-4F84-AA16-D3DE0DEAC7D6): 12
LogDevObjectVersion:   Dev-Enterprise (9DFFBCD6-494F-0158-E221-12823C92A888): 1
LogStreaming: Display: Took  0.001s to delete old logs.
LogInit: Presizing for max 8388607 objects, including 0 objects not considered by GC, pre-allocating 0 bytes for permanent pool.
LogInit: Object subsystem initialized
[2021.01.29-04.03.53:171][  0]LogInit: Selected Device Profile: [Windows]
[2021.01.29-04.03.53:171][  0]LogInit: Applying CVar settings loaded from the selected device profile: [Windows]
[2021.01.29-04.03.53:179][  0]LogHAL: Display: Platform has ~ 16 GB [17031290880 / 17179869184 / 16], which maps to Larger [LargestMinGB=32, LargerMinGB=12, DefaultMinGB=8, SmallerMinGB=6, SmallestMinGB=0)
[2021.01.29-04.03.53:179][  0]LogInit: Setting Device Profile CVar: [[r.Vulkan.UseRealUBs:1]]
[2021.01.29-04.03.53:179][  0]LogInit: Going up to parent DeviceProfile []
[2021.01.29-04.03.53:180][  0]LogInit: Computer: CG16-15-PC
[2021.01.29-04.03.53:180][  0]LogInit: User: CG15
[2021.01.29-04.03.53:180][  0]LogInit: CPU Page size=4096, Cores=4
[2021.01.29-04.03.53:180][  0]LogInit: High frequency timer resolution =10.000000 MHz
[2021.01.29-04.03.53:180][  0]LogMemory: Memory total: Physical=15.9GB (16GB approx)
[2021.01.29-04.03.53:180][  0]LogMemory: Platform Memory Stats for Windows
[2021.01.29-04.03.53:180][  0]LogMemory: Process Physical Memory: 100.76 MB used, 100.77 MB peak
[2021.01.29-04.03.53:180][  0]LogMemory: Process Virtual Memory: 90.89 MB used, 90.89 MB peak
[2021.01.29-04.03.53:180][  0]LogMemory: Physical Memory: 4458.77 MB used,  11783.54 MB free, 16242.30 MB total
[2021.01.29-04.03.53:180][  0]LogMemory: Virtual Memory: 4628.55 MB used,  11783.54 MB free, 134217728.00 MB total
[2021.01.29-04.03.53:200][  0]LogInit: Using OS detected language (ja-JP).
[2021.01.29-04.03.53:200][  0]LogInit: Using OS detected locale (ja-JP).
[2021.01.29-04.03.53:201][  0]LogTextLocalizationManager: No specific localization for 'ja-JP' exists, so the 'ja' localization will be used.
[2021.01.29-04.03.53:542][  0]LogStreaming: Display: Took  0.342s to InitEngineTextLocalization.
[2021.01.29-04.03.53:542][  0]LogInit: Setting process to per monitor DPI aware
[2021.01.29-04.03.53:606][  0]LogSlate: New Slate User Created.  User Index 0, Is Virtual User: 0
[2021.01.29-04.03.53:606][  0]LogSlate: Slate User Registered.  User Index 0, Is Virtual User: 0
[2021.01.29-04.03.53:834][  0]LogHMD: Failed to initialize OpenVR with code 100
[2021.01.29-04.03.53:834][  0]LogD3D11RHI: D3D11 adapters:
[2021.01.29-04.03.53:891][  0]LogD3D11RHI:    0. 'NVIDIA GeForce GTX 980' (Feature Level 11_0)
[2021.01.29-04.03.53:891][  0]LogD3D11RHI:       4053/0/8121 MB DedicatedVideo/DedicatedSystem/SharedSystem, Outputs:1, VendorId:0x10de
[2021.01.29-04.03.53:923][  0]LogD3D11RHI:    1. 'Intel(R) HD Graphics 530' (Feature Level 11_0)
[2021.01.29-04.03.53:923][  0]LogD3D11RHI:       128/0/8121 MB DedicatedVideo/DedicatedSystem/SharedSystem, Outputs:0, VendorId:0x8086
[2021.01.29-04.03.53:926][  0]LogD3D11RHI:    2. 'Microsoft Basic Render Driver' (Feature Level 11_0)
[2021.01.29-04.03.53:926][  0]LogD3D11RHI:       0/0/8121 MB DedicatedVideo/DedicatedSystem/SharedSystem, Outputs:0, VendorId:0x1414
[2021.01.29-04.03.53:926][  0]LogD3D11RHI: Chosen D3D11 Adapter: 0
[2021.01.29-04.03.53:933][  0]LogD3D11RHI: Creating new Direct3DDevice
[2021.01.29-04.03.53:933][  0]LogD3D11RHI:     GPU DeviceId: 0x13c0 (for the marketing name, search the web for "GPU Device Id")
[2021.01.29-04.03.53:933][  0]LogWindows: EnumDisplayDevices:
[2021.01.29-04.03.53:934][  0]LogWindows:    0. 'NVIDIA GeForce GTX 980' (P:1 D:1)
[2021.01.29-04.03.53:934][  0]LogWindows:    1. 'NVIDIA GeForce GTX 980' (P:0 D:0)
[2021.01.29-04.03.53:934][  0]LogWindows:    2. 'NVIDIA GeForce GTX 980' (P:0 D:0)
[2021.01.29-04.03.53:934][  0]LogWindows:    3. 'NVIDIA GeForce GTX 980' (P:0 D:0)
[2021.01.29-04.03.53:935][  0]LogWindows:    4. 'Intel(R) HD Graphics 530' (P:0 D:0)
[2021.01.29-04.03.53:935][  0]LogWindows:    5. 'Intel(R) HD Graphics 530' (P:0 D:0)
[2021.01.29-04.03.53:935][  0]LogWindows:    6. 'Intel(R) HD Graphics 530' (P:0 D:0)
[2021.01.29-04.03.53:935][  0]LogWindows: DebugString: PrimaryIsNotTheChoosenAdapter PrimaryIsNotTheChoosenAdapter PrimaryIsNotTheChoosenAdapter FoundDriverCount:4 
[2021.01.29-04.03.53:935][  0]LogD3D11RHI:     Adapter Name: NVIDIA GeForce GTX 980
[2021.01.29-04.03.53:935][  0]LogD3D11RHI:   Driver Version: 432.00 (internal:26.21.14.3200, unified:432.00)
[2021.01.29-04.03.53:935][  0]LogD3D11RHI:      Driver Date: 7-24-2019
[2021.01.29-04.03.53:935][  0]LogRHI: Texture pool is 2837 MB (70% of 4053 MB)
[2021.01.29-04.03.53:979][  0]LogD3D11RHI: Async texture creation enabled
[2021.01.29-04.03.53:992][  0]LogD3D11RHI: GPU Timing Frequency: 1000.000000 (Debug: 2 1)
[2021.01.29-04.03.53:994][  0]LogShaderCompilers: Guid format shader working directory is -9 characters bigger than the processId version (../../../../../../Users/CG15/Desktop/SOC19073/hanahuda/Intermediate/Shaders/WorkingDirectory/9360/).
[2021.01.29-04.03.53:995][  0]LogShaderCompilers: Cleaned the shader compiler working directory 'C:/Users/CG15/AppData/Local/Temp/UnrealShaderWorkingDir/D28D68F9431BF817A58D589BC3355287/'.
[2021.01.29-04.03.54:282][  0]LogTemp: Display: Loaded TP AllDesktopTargetPlatform
[2021.01.29-04.03.54:297][  0]LogTemp: Display: Loaded TP MacClientTargetPlatform
[2021.01.29-04.03.54:312][  0]LogTemp: Display: Loaded TP MacNoEditorTargetPlatform
[2021.01.29-04.03.54:328][  0]LogTemp: Display: Loaded TP MacServerTargetPlatform
[2021.01.29-04.03.54:342][  0]LogTemp: Display: Loaded TP MacTargetPlatform
[2021.01.29-04.03.54:362][  0]LogTemp: Display: Loaded TP WindowsClientTargetPlatform
[2021.01.29-04.03.54:377][  0]LogTemp: Display: Loaded TP WindowsNoEditorTargetPlatform
[2021.01.29-04.03.54:390][  0]LogTemp: Display: Loaded TP WindowsServerTargetPlatform
[2021.01.29-04.03.54:397][  0]LogTemp: Display: Loaded TP WindowsTargetPlatform
[2021.01.29-04.03.54:479][  0]LogTemp: Display: Loaded TP AndroidTargetPlatform
[2021.01.29-04.03.54:479][  0]LogTemp: Display: Loaded TP AndroidTargetPlatform
[2021.01.29-04.03.54:479][  0]LogTemp: Display: Loaded TP AndroidTargetPlatform
[2021.01.29-04.03.54:479][  0]LogTemp: Display: Loaded TP AndroidTargetPlatform
[2021.01.29-04.03.54:479][  0]LogTemp: Display: Loaded TP AndroidTargetPlatform
[2021.01.29-04.03.54:479][  0]LogTemp: Display: Loaded TP AndroidTargetPlatform
[2021.01.29-04.03.54:479][  0]LogTemp: Display: Loaded TP AndroidTargetPlatform
[2021.01.29-04.03.54:479][  0]LogTemp: Display: Loaded TP AndroidTargetPlatform
[2021.01.29-04.03.54:479][  0]LogTemp: Display: Loaded TP AndroidTargetPlatform
[2021.01.29-04.03.54:479][  0]LogTemp: Display: Loaded TP AndroidTargetPlatform
[2021.01.29-04.03.54:479][  0]LogTemp: Display: Loaded TP AndroidTargetPlatform
[2021.01.29-04.03.54:479][  0]LogTemp: Display: Loaded TP AndroidTargetPlatform
[2021.01.29-04.03.54:479][  0]LogTemp: Display: Loaded TP AndroidTargetPlatform
[2021.01.29-04.03.54:479][  0]LogTemp: Display: Loaded TP AndroidTargetPlatform
[2021.01.29-04.03.54:479][  0]LogTemp: Display: Loaded TP AndroidTargetPlatform
[2021.01.29-04.03.54:479][  0]LogTemp: Display: Loaded TP AndroidTargetPlatform
[2021.01.29-04.03.54:479][  0]LogTemp: Display: Loaded TP AndroidTargetPlatform
[2021.01.29-04.03.54:479][  0]LogTemp: Display: Loaded TP AndroidTargetPlatform
[2021.01.29-04.03.54:481][  0]LogTemp: Display: Loaded TP HTML5TargetPlatform
[2021.01.29-04.03.54:540][  0]LogTemp: Display: Loaded TP IOSTargetPlatform
[2021.01.29-04.03.54:540][  0]LogTemp: Display: Loaded TP IOSTargetPlatform
[2021.01.29-04.03.54:563][  0]LogTemp: Display: Loaded TP TVOSTargetPlatform
[2021.01.29-04.03.54:563][  0]LogTemp: Display: Loaded TP TVOSTargetPlatform
[2021.01.29-04.03.54:578][  0]LogTemp: Display: Loaded TP LinuxClientTargetPlatform
[2021.01.29-04.03.54:600][  0]LogTemp: Display: Loaded TP LinuxNoEditorTargetPlatform
[2021.01.29-04.03.54:618][  0]LogTemp: Display: Loaded TP LinuxServerTargetPlatform
[2021.01.29-04.03.54:641][  0]LogTemp: Display: Loaded TP LinuxTargetPlatform
[2021.01.29-04.03.54:657][  0]LogTemp: Display: Loaded TP LuminTargetPlatform
[2021.01.29-04.03.54:657][  0]LogTargetPlatformManager: Display: Building Assets For Windows
[2021.01.29-04.03.54:732][  0]LogXGEController: Cleaning working directory: C:/Users/CG15/AppData/Local/Temp/UnrealXGEWorkingDir/
[2021.01.29-04.03.54:733][  0]LogXGEController: Cannot use XGE Controller as Incredibuild is not installed on this machine.
[2021.01.29-04.03.54:733][  0]LogShaderCompilers: Cannot use XGE Shader Compiler as Incredibuild is not installed on this machine.
[2021.01.29-04.03.54:733][  0]LogShaderCompilers: Display: Using Local Shader Compiler.
[2021.01.29-04.03.55:584][  0]LogDerivedDataCache: Display: Max Cache Size: 512 MB
[2021.01.29-04.03.55:636][  0]LogDerivedDataCache: Loaded boot cache 0.05s 72MB C:/Users/CG15/AppData/Local/UnrealEngine/4.20/DerivedDataCache/Boot.ddc.
[2021.01.29-04.03.55:636][  0]LogDerivedDataCache: Display: Loaded Boot cache: C:/Users/CG15/AppData/Local/UnrealEngine/4.20/DerivedDataCache/Boot.ddc
[2021.01.29-04.03.55:636][  0]LogDerivedDataCache: FDerivedDataBackendGraph:  Pak pak cache file ../../../../../../Users/CG15/Desktop/SOC19073/hanahuda/DerivedDataCache/DDC.ddp not found, will not use a pak cache.
[2021.01.29-04.03.55:636][  0]LogDerivedDataCache: Unable to find inner node Pak for hierarchical cache Hierarchy.
[2021.01.29-04.03.55:636][  0]LogDerivedDataCache: FDerivedDataBackendGraph:  CompressedPak pak cache file ../../../../../../Users/CG15/Desktop/SOC19073/hanahuda/DerivedDataCache/Compressed.ddp not found, will not use a pak cache.
[2021.01.29-04.03.55:636][  0]LogDerivedDataCache: Unable to find inner node CompressedPak for hierarchical cache Hierarchy.
[2021.01.29-04.03.55:650][  0]LogDerivedDataCache: Display: Pak cache opened for reading ../../../Engine/DerivedDataCache/Compressed.ddp.
[2021.01.29-04.03.55:662][  0]LogDerivedDataCache: Using Local data cache path C:/Users/CG15/AppData/Local/UnrealEngine/Common/DerivedDataCache: Writable
[2021.01.29-04.03.55:662][  0]LogDerivedDataCache: Shared data cache path not found in *engine.ini, will not use an Shared cache.
[2021.01.29-04.03.55:662][  0]LogDerivedDataCache: Unable to find inner node Shared for hierarchical cache Hierarchy.
[2021.01.29-04.03.55:680][  0]LogMaterial: Verifying Global Shaders for PCD3D_SM5
[2021.01.29-04.03.55:681][  0]LogSlate: Using FreeType 2.6.0
[2021.01.29-04.03.55:681][  0]LogSlate: SlateFontServices - WITH_FREETYPE: 1, WITH_HARFBUZZ: 1
[2021.01.29-04.03.55:759][  0]LogAssetRegistry: FAssetRegistry took 0.0257 seconds to start up
[2021.01.29-04.03.56:085][  0]LogInit: Selected Device Profile: [Windows]
[2021.01.29-04.03.56:235][  0]LogSimplygon: Simplygon DLL not present - disabling.
[2021.01.29-04.03.56:239][  0]LogMeshReduction: Using SimplygonSwarm for distributed automatic mesh merging
[2021.01.29-04.03.56:239][  0]LogMeshReduction: Using ProxyLODMeshReduction for automatic mesh merging
[2021.01.29-04.03.56:239][  0]LogMeshReduction: Using QuadricMeshReduction for automatic static mesh reduction
[2021.01.29-04.03.56:239][  0]LogMeshReduction: No automatic skeletal mesh reduction module available
[2021.01.29-04.03.56:254][  0]LogNetVersion: hanahuda 1.0.0, NetCL: 4212847, EngineNetVer: 5, GameNetVer: 0 (Checksum: 2178811581)
[2021.01.29-04.03.56:859][  0]LogPackageLocalizationCache: Processed 13 localized package path(s) for 2 prioritized culture(s) in 0.192151 seconds
[2021.01.29-04.03.56:865][  0]LogUObjectArray: 38425 objects as part of root set at end of initial load.
[2021.01.29-04.03.56:865][  0]LogUObjectAllocator: 6690872 out of 0 bytes used by permanent object pool.
[2021.01.29-04.03.56:865][  0]LogUObjectArray: CloseDisregardForGC: 0/0 objects in disregard for GC pool
[2021.01.29-04.03.57:825][  0]LogTcpMessaging: Initializing TcpMessaging bridge
[2021.01.29-04.03.57:837][  0]LogUdpMessaging: Initializing bridge on interface 0.0.0.0:0 to multicast group 230.0.0.1:6666.
[2021.01.29-04.03.57:974][  0]SourceControl: ソースコントロールは無効です
[2021.01.29-04.03.57:974][  0]SourceControl: ソースコントロールは無効です
[2021.01.29-04.03.57:976][  0]SourceControl: ソースコントロールは無効です
[2021.01.29-04.03.57:977][  0]SourceControl: ソースコントロールは無効です
[2021.01.29-04.03.58:144][  0]LogAndroidPermission: UAndroidPermissionCallbackProxy::GetInstance
[2021.01.29-04.03.58:209][  0]LogOcInput: OculusInput pre-init called
[2021.01.29-04.04.00:206][  0]LogEngine: Initializing Engine...
[2021.01.29-04.04.00:207][  0]LogHMD: Failed to initialize OpenVR with code 100
[2021.01.29-04.04.00:209][  0]LogStats: UGameplayTagsManager::ConstructGameplayTagTree: ImportINI prefixes -  0.000 s
[2021.01.29-04.04.00:209][  0]LogStats: UGameplayTagsManager::ConstructGameplayTagTree: Construct from data asset -  0.000 s
[2021.01.29-04.04.00:209][  0]LogStats: UGameplayTagsManager::ConstructGameplayTagTree: ImportINI -  0.000 s
[2021.01.29-04.04.00:209][  0]LogStats: UGameplayTagsManager::ConstructGameplayTagTree: GameplayTagTreeChangedEvent.Broadcast -  0.000 s
[2021.01.29-04.04.00:397][  0]LogInit: Initializing FReadOnlyCVARCache
[2021.01.29-04.04.00:409][  0]LogAIModule: Creating AISystem for world Untitled
[2021.01.29-04.04.00:433][  0]LogInit: XAudio2 using 'スピーカー (Realtek High Definition Audio)' : 2 channels at 48 kHz using 32 bits per sample (channel mask 0x3)
[2021.01.29-04.04.00:481][  0]LogInit: FAudioDevice initialized.
[2021.01.29-04.04.00:481][  0]LogNetVersion: Set ProjectVersion to 1.0.0.0. Version Checksum will be recalculated on next use.
[2021.01.29-04.04.00:599][  0]LogDerivedDataCache: Saved boot cache 0.12s 72MB C:/Users/CG15/AppData/Local/UnrealEngine/4.20/DerivedDataCache/Boot.ddc.
[2021.01.29-04.04.00:606][  0]LogInit: Texture streaming: Enabled
[2021.01.29-04.04.00:622][  0]LogEngineSessionManager: EngineSessionManager initialized
[2021.01.29-04.04.00:654][  0]LogEngineSessionManager: EngineSessionManager sent abnormal shutdown report. Type=Crashed, SessionId={6C02DCCB-4B5D-9D2D-B7E8-B2B4520E5C62}
[2021.01.29-04.04.00:667][  0]LogInit: Transaction tracking system initialized
[2021.01.29-04.04.00:688][  0]BlueprintLog: New page: エディタの読み込み
[2021.01.29-04.04.00:758][  0]LocalizationService: ローカライズのサービスが無効になりました
[2021.01.29-04.04.01:000][  0]LogCook: Display: Max memory allowance for cook 16384mb min free memory 0mb
[2021.01.29-04.04.01:000][  0]LogCook: Display: Mobile HDR setting 1
[2021.01.29-04.04.01:000][  0]LogGameplayTags: Display: UGameplayTagsManager::DoneAddingNativeTags. DelegateIsBound: 0
[2021.01.29-04.04.01:000][  0]LogStats: UGameplayTagsManager::ConstructGameplayTagTree: ImportINI prefixes -  0.000 s
[2021.01.29-04.04.01:000][  0]LogStats: UGameplayTagsManager::ConstructGameplayTagTree: Construct from data asset -  0.000 s
[2021.01.29-04.04.01:000][  0]LogStats: UGameplayTagsManager::ConstructGameplayTagTree: ImportINI -  0.000 s
[2021.01.29-04.04.01:000][  0]LogStats: UGameplayTagsManager::ConstructGameplayTagTree: GameplayTagTreeChangedEvent.Broadcast -  0.000 s
[2021.01.29-04.04.01:110][  0]LogFileCache: Scanning file cache for directory 'C:/Users/CG15/Desktop/SOC19073/hanahuda/Content/' took 0.01s
[2021.01.29-04.04.02:342][  0]SourceControl: ソースコントロールは無効です
[2021.01.29-04.04.02:449][  0]LogSlate: Took 0.000329 seconds to synchronously load lazily loaded font '../../../Engine/Content/Editor/Slate/Fonts/GenEiGothicPro-Regular.otf' (707K)
[2021.01.29-04.04.02:449][  0]LogSlate: Took 0.000113 seconds to synchronously load lazily loaded font '../../../Engine/Content/Slate/Fonts/Roboto-Regular.ttf' (155K)
[2021.01.29-04.04.15:851][  0]LogSlate: Window 'パッケージを復元' being destroyed
[2021.01.29-04.04.15:854][  0]LogWindowsTextInputMethodSystem: Display: IME system now activated using TSF (Microsoft IME).
[2021.01.29-04.04.15:867][  0]Cmd: MAP LOAD FILE="../../../../../../Users/CG15/Desktop/SOC19073/hanahuda/Content/StarterContent/Maps/Minimal_Default.umap" TEMPLATE=0 SHOWPROGRESS=1 FEATURELEVEL=3
[2021.01.29-04.04.15:868][  0]LightingResults: New page: ライティングのビルド
[2021.01.29-04.04.15:871][  0]MapCheck: New page: マップをチェック
[2021.01.29-04.04.15:871][  0]LightingResults: New page: <何も選択されていません>
[2021.01.29-04.04.16:252][  0]LogAIModule: Creating AISystem for world Minimal_Default
[2021.01.29-04.04.16:261][  0]LogEditorServer: Finished looking for orphan Actors (0.000 secs)
[2021.01.29-04.04.16:284][  0]Cmd: MAP CHECKDEP NOCLEARLOG
[2021.01.29-04.04.16:386][  0]MapCheck: マップチェックが完了: 0 エラー、 0 警告、完了に 101.752ミリ秒かかりました。
[2021.01.29-04.04.16:386][  0]LogFileHelpers: Loading map 'Minimal_Default' took 0.521
[2021.01.29-04.04.16:401][  0]LogWindowsTextInputMethodSystem: Display: IME system now activated using TSF (Microsoft IME).
[2021.01.29-04.04.16:426][  0]LogSlate: Updating window title bar state: overlay mode, drag disabled, window buttons hidden, title bar hidden
[2021.01.29-04.04.16:434][  0]LogSlate: Updating window title bar state: overlay mode, drag disabled, window buttons hidden, title bar hidden
[2021.01.29-04.04.16:443][  0]LogSlate: Updating window title bar state: overlay mode, drag disabled, window buttons hidden, title bar hidden
[2021.01.29-04.04.16:452][  0]LogSlate: Updating window title bar state: overlay mode, drag disabled, window buttons hidden, title bar hidden
[2021.01.29-04.04.16:460][  0]LogCollectionManager: Loaded 0 collections in 0.002159 seconds
[2021.01.29-04.04.16:501][  0]LogFileCache: Scanning file cache for directory 'C:/Users/CG15/Desktop/SOC19073/hanahuda/Saved/Collections/' took 0.01s
[2021.01.29-04.04.16:501][  0]LogFileCache: Scanning file cache for directory 'C:/Users/CG15/Desktop/SOC19073/hanahuda/Content/Developers/CG15/Collections/' took 0.01s
[2021.01.29-04.04.16:501][  0]LogFileCache: Scanning file cache for directory 'C:/Users/CG15/Desktop/SOC19073/hanahuda/Content/Collections/' took 0.01s
[2021.01.29-04.04.16:501][  0]LogCollectionManager: Rebuilt the GUID cache for 0 collections in 0.000000 seconds
[2021.01.29-04.04.16:510][  0]LogContentBrowser: Native class hierarchy populated in 0.0088 seconds. Added 2621 classes and 629 folders.
[2021.01.29-04.04.16:517][  0]LogContentBrowser: Native class hierarchy updated for 'WidgetCarousel' in 0.0003 seconds. Added 0 classes and 0 folders.
[2021.01.29-04.04.16:562][  0]LogContentBrowser: Native class hierarchy updated for 'AddContentDialog' in 0.0002 seconds. Added 0 classes and 0 folders.
[2021.01.29-04.04.16:567][  0]LogContentBrowser: Native class hierarchy updated for 'SceneOutliner' in 0.0003 seconds. Added 1 classes and 2 folders.
[2021.01.29-04.04.16:630][  0]LogSlate: Took 0.000569 seconds to synchronously load lazily loaded font '../../../Engine/Content/Editor/Slate/Fonts/GenEiGothicPro-Bold.otf' (698K)
[2021.01.29-04.04.16:630][  0]LogSlate: Took 0.000115 seconds to synchronously load lazily loaded font '../../../Engine/Content/Slate/Fonts/Roboto-Bold.ttf' (160K)
[2021.01.29-04.04.16:633][  0]LogSlate: Took 0.000276 seconds to synchronously load lazily loaded font '../../../Engine/Content/Editor/Slate/Fonts/FontAwesome.ttf' (139K)
[2021.01.29-04.04.16:682][  0]LogRenderer: Reallocating scene render targets to support 1208x652 Format 10 NumSamples 1 (Frame:1).
[2021.01.29-04.04.16:729][  0]LogSlate: Took 0.000281 seconds to synchronously load lazily loaded font '../../../Engine/Content/Slate/Fonts/Roboto-Light.ttf' (167K)
[2021.01.29-04.04.16:792][  0]LogContentBrowser: Native class hierarchy updated for 'HierarchicalLODOutliner' in 0.0003 seconds. Added 0 classes and 0 folders.
[2021.01.29-04.04.16:792][  0]LogLoad: (Engine Initialization) Total time: 25.19 seconds
[2021.01.29-04.04.16:792][  0]LogLoad: (Engine Initialization) Total Blueprint compile time: 0.00 seconds
[2021.01.29-04.04.16:833][  0]LogContentStreaming: Texture pool size now 1000 MB
[2021.01.29-04.04.16:933][  1]LogAssetRegistry: Asset discovery search completed in 21.1973 seconds
[2021.01.29-04.04.16:936][  1]LogCollectionManager: Rebuilt the object cache for 0 collections in 0.000000 seconds (found 0 objects)
[2021.01.29-04.04.16:936][  1]LogCollectionManager: Fixed up redirectors for 0 collections in 0.000065 seconds (updated 0 objects)
[2021.01.29-04.04.17:822][100]LogSlate: Took 0.000397 seconds to synchronously load lazily loaded font '../../../Engine/Content/Editor/Slate/Fonts/GenEiGothicPro-Light.otf' (713K)
[2021.01.29-04.04.17:822][100]LogSlate: Took 0.000169 seconds to synchronously load lazily loaded font '../../../Engine/Content/Slate/Fonts/Roboto-Light.ttf' (167K)
[2021.01.29-04.04.18:833][214]LogSlate: FSceneViewport::OnFocusLost() reason 0
[2021.01.29-04.04.44:356][870]LogSlate: Window '親クラスを選択' being destroyed
[2021.01.29-04.04.44:504][870]LogSlate: Window 'hanahuda - Unreal Editor' being destroyed
[2021.01.29-04.04.44:509][870]LogWindowsTextInputMethodSystem: Display: IME system now activated using TSF (Microsoft IME).
[2021.01.29-04.04.44:697][871]Cmd: QUIT_EDITOR
[2021.01.29-04.04.44:863][871]LogExit: Preparing to exit.
[2021.01.29-04.04.46:033][871]LogExit: Editor shut down
[2021.01.29-04.04.46:033][871]LogExit: Transaction tracking system shut down
[2021.01.29-04.04.46:817][871]LogExit: Object subsystem successfully closed.
[2021.01.29-04.04.46:839][871]LogShaderCompilers: Display: Shaders left to compile 0
[2021.01.29-04.04.46:843][871]LogD3D11RHI: Shutdown
[2021.01.29-04.04.46:843][871]LogD3D11RHI: CleanupD3DDevice
[2021.01.29-04.04.46:873][871]LogD3D11RHI: ~FD3D11DynamicRHI
[2021.01.29-04.04.47:177][871]LogModuleManager: Shutting down and abandoning module HierarchicalLODOutliner (628)
[2021.01.29-04.04.47:177][871]LogModuleManager: Shutting down and abandoning module SceneOutliner (626)
[2021.01.29-04.04.47:177][871]LogModuleManager: Shutting down and abandoning module AddContentDialog (624)
[2021.01.29-04.04.47:178][871]LogModuleManager: Shutting down and abandoning module WidgetCarousel (623)
[2021.01.29-04.04.47:178][871]LogModuleManager: Shutting down and abandoning module EditorWidgets (620)
[2021.01.29-04.04.47:178][871]LogModuleManager: Shutting down and abandoning module CollectionManager (618)
[2021.01.29-04.04.47:197][871]LogModuleManager: Shutting down and abandoning module StatsViewer (616)
[2021.01.29-04.04.47:208][871]LogModuleManager: Shutting down and abandoning module FoliageEdit (614)
[2021.01.29-04.04.47:208][871]LogModuleManager: Shutting down and abandoning module LandscapeEditor (612)
[2021.01.29-04.04.47:220][871]LogModuleManager: Shutting down and abandoning module MeshPaintMode (610)
[2021.01.29-04.04.47:220][871]LogModuleManager: Shutting down and abandoning module SceneDepthPickerMode (608)
[2021.01.29-04.04.47:220][871]LogModuleManager: Shutting down and abandoning module ActorPickerMode (606)
[2021.01.29-04.04.47:220][871]LogModuleManager: Shutting down and abandoning module GeometryMode (604)
[2021.01.29-04.04.47:220][871]LogModuleManager: Shutting down and abandoning module TextureAlignMode (602)
[2021.01.29-04.04.47:220][871]LogModuleManager: Shutting down and abandoning module BspMode (600)
[2021.01.29-04.04.47:220][871]LogModuleManager: Shutting down and abandoning module PIEPreviewDeviceProfileSelector (598)
[2021.01.29-04.04.47:221][871]LogModuleManager: Shutting down and abandoning module SequenceRecorderSections (596)
[2021.01.29-04.04.47:221][871]LogModuleManager: Shutting down and abandoning module AutomationWorker (594)
[2021.01.29-04.04.47:221][871]LogModuleManager: Shutting down and abandoning module DatasmithFBXImporter (592)
[2021.01.29-04.04.47:221][871]LogModuleManager: Shutting down and abandoning module DatasmithDeltaGenImporter (590)
[2021.01.29-04.04.47:221][871]LogModuleManager: Shutting down and abandoning module DatasmithVREDImporter (588)
[2021.01.29-04.04.47:221][871]LogModuleManager: Shutting down and abandoning module AudioCaptureEditor (586)
[2021.01.29-04.04.47:221][871]LogModuleManager: Shutting down and abandoning module SequenceRecorder (585)
[2021.01.29-04.04.47:221][871]LogModuleManager: Shutting down and abandoning module MatineeToLevelSequence (582)
[2021.01.29-04.04.47:221][871]LogModuleManager: Shutting down and abandoning module LevelSequenceEditor (580)
[2021.01.29-04.04.47:228][871]LogModuleManager: Shutting down and abandoning module PlacementMode (579)
[2021.01.29-04.04.47:228][871]LogModuleManager: Shutting down and abandoning module MaterialEditor (578)
[2021.01.29-04.04.47:228][871]LogModuleManager: Shutting down and abandoning module WmfMediaFactory (574)
[2021.01.29-04.04.47:228][871]LogModuleManager: Shutting down and abandoning module WmfMediaEditor (572)
[2021.01.29-04.04.47:228][871]LogModuleManager: Shutting down and abandoning module MediaPlayerEditor (570)
[2021.01.29-04.04.47:228][871]LogModuleManager: Shutting down and abandoning module OpenExrWrapper (568)
[2021.01.29-04.04.47:228][871]LogModuleManager: Shutting down and abandoning module ImgMediaFactory (566)
[2021.01.29-04.04.47:228][871]LogModuleManager: Shutting down and abandoning module ImgMediaEditor (564)
[2021.01.29-04.04.47:228][871]LogModuleManager: Shutting down and abandoning module AvfMediaFactory (562)
[2021.01.29-04.04.47:228][871]LogModuleManager: Shutting down and abandoning module AvfMediaEditor (560)
[2021.01.29-04.04.47:228][871]LogModuleManager: Shutting down and abandoning module AndroidMediaFactory (558)
[2021.01.29-04.04.47:228][871]LogModuleManager: Shutting down and abandoning module AndroidMediaEditor (556)
[2021.01.29-04.04.47:228][871]LogModuleManager: Shutting down and abandoning module MagicLeapCameraPreviewFactory (554)
[2021.01.29-04.04.47:228][871]LogModuleManager: Shutting down and abandoning module MagicLeapMediaFactory (552)
[2021.01.29-04.04.47:228][871]LogModuleManager: Shutting down and abandoning module MagicLeapMediaEditor (550)
[2021.01.29-04.04.47:228][871]LogModuleManager: Shutting down and abandoning module CharacterAI (548)
[2021.01.29-04.04.47:228][871]LogModuleManager: Shutting down and abandoning module SmartSnapping (546)
[2021.01.29-04.04.47:229][871]LogModuleManager: Shutting down and abandoning module SessionServices (544)
[2021.01.29-04.04.47:229][871]LogModuleManager: Shutting down and abandoning module ViewportSnapping (542)
[2021.01.29-04.04.47:229][871]LogModuleManager: Shutting down and abandoning module ViewportInteraction (540)
[2021.01.29-04.04.47:229][871]LogModuleManager: Shutting down and abandoning module ClothPainter (538)
[2021.01.29-04.04.47:229][871]LogModuleManager: Shutting down and abandoning module SkeletalMeshEditor (537)
[2021.01.29-04.04.47:229][871]LogModuleManager: Shutting down and abandoning module LogVisualizer (534)
[2021.01.29-04.04.47:237][871]LogModuleManager: Shutting down and abandoning module IntroTutorials (532)
[2021.01.29-04.04.47:237][871]LogModuleManager: Shutting down and abandoning module GameProjectGeneration (531)
[2021.01.29-04.04.47:249][871]LogModuleManager: Shutting down and abandoning module LuminPlatformEditor (528)
[2021.01.29-04.04.47:249][871]LogModuleManager: Shutting down and abandoning module IOSPlatformEditor (526)
[2021.01.29-04.04.47:249][871]LogModuleManager: Shutting down and abandoning module HTML5PlatformEditor (524)
[2021.01.29-04.04.47:249][871]LogModuleManager: Shutting down and abandoning module AndroidPlatformEditor (522)
[2021.01.29-04.04.47:249][871]LogModuleManager: Shutting down and abandoning module AndroidDeviceDetection (521)
[2021.01.29-04.04.47:821][871]LogModuleManager: Shutting down and abandoning module WindowsPlatformEditor (518)
[2021.01.29-04.04.47:821][871]LogModuleManager: Shutting down and abandoning module LuminRuntimeSettings (516)
[2021.01.29-04.04.47:821][871]LogModuleManager: Shutting down and abandoning module IOSRuntimeSettings (514)
[2021.01.29-04.04.47:821][871]LogModuleManager: Shutting down and abandoning module AndroidRuntimeSettings (512)
[2021.01.29-04.04.47:821][871]LogModuleManager: Shutting down and abandoning module InputBindingEditor (510)
[2021.01.29-04.04.47:849][871]LogModuleManager: Shutting down and abandoning module MergeActors (508)
[2021.01.29-04.04.47:849][871]LogModuleManager: Shutting down and abandoning module LocalizationDashboard (506)
[2021.01.29-04.04.47:856][871]LogModuleManager: Shutting down and abandoning module LocalizationService (505)
[2021.01.29-04.04.47:856][871]LogModuleManager: Shutting down and abandoning module HardwareTargeting (502)
[2021.01.29-04.04.47:856][871]LogModuleManager: Shutting down and abandoning module DeviceProfileEditor (500)
[2021.01.29-04.04.47:856][871]LogModuleManager: Shutting down and abandoning module UndoHistory (498)
[2021.01.29-04.04.47:856][871]LogModuleManager: Shutting down and abandoning module XmlParser (496)
[2021.01.29-04.04.47:856][871]LogModuleManager: Shutting down and abandoning module Blutility (494)
[2021.01.29-04.04.47:856][871]LogModuleManager: Shutting down and abandoning module ProjectSettingsViewer (492)
[2021.01.29-04.04.47:856][871]LogModuleManager: Shutting down and abandoning module ProjectTargetPlatformEditor (491)
[2021.01.29-04.04.47:856][871]LogModuleManager: Shutting down and abandoning module EditorSettingsViewer (488)
[2021.01.29-04.04.47:856][871]LogModuleManager: Shutting down and abandoning module SettingsEditor (486)
[2021.01.29-04.04.47:856][871]LogModuleManager: Shutting down and abandoning module ProjectLauncher (484)
[2021.01.29-04.04.47:869][871]LogModuleManager: Shutting down and abandoning module SessionFrontend (482)
[2021.01.29-04.04.47:869][871]LogModuleManager: Shutting down and abandoning module ProfilerClient (480)
[2021.01.29-04.04.47:874][871]LogModuleManager: Shutting down and abandoning module DeviceManager (478)
[2021.01.29-04.04.47:874][871]LogModuleManager: Shutting down and abandoning module TargetDeviceServices (477)
[2021.01.29-04.04.47:929][871]LogModuleManager: Shutting down and abandoning module AutomationController (474)
[2021.01.29-04.04.47:940][871]LogModuleManager: Shutting down and abandoning module AutomationWindow (472)
[2021.01.29-04.04.47:955][871]LogModuleManager: Shutting down and abandoning module Layers (470)
[2021.01.29-04.04.47:956][871]LogModuleManager: Shutting down and abandoning module ComponentVisualizers (468)
[2021.01.29-04.04.47:956][871]LogModuleManager: Shutting down and abandoning module DetailCustomizations (466)
[2021.01.29-04.04.47:957][871]LogModuleManager: Shutting down and abandoning module PackagesDialog (464)
[2021.01.29-04.04.47:957][871]LogModuleManager: Shutting down and abandoning module Persona (462)
[2021.01.29-04.04.47:957][871]LogModuleManager: Shutting down and abandoning module AnimGraph (461)
[2021.01.29-04.04.47:957][871]LogModuleManager: Shutting down and abandoning module Kismet (458)
[2021.01.29-04.04.47:967][871]LogModuleManager: Shutting down and abandoning module GraphEditor (456)
[2021.01.29-04.04.47:967][871]LogModuleManager: Shutting down and abandoning module ClassViewer (454)
[2021.01.29-04.04.47:968][871]LogModuleManager: Shutting down and abandoning module Toolbox (452)
[2021.01.29-04.04.47:968][871]LogModuleManager: Shutting down and abandoning module ModuleUI (450)
[2021.01.29-04.04.47:976][871]LogModuleManager: Shutting down and abandoning module MovieSceneTools (448)
[2021.01.29-04.04.47:976][871]LogModuleManager: Shutting down and abandoning module OutputLog (446)
[2021.01.29-04.04.47:976][871]LogModuleManager: Shutting down and abandoning module GammaUI (444)
[2021.01.29-04.04.47:987][871]LogModuleManager: Shutting down and abandoning module Documentation (442)
[2021.01.29-04.04.47:987][871]LogModuleManager: Shutting down and abandoning module MovieSceneTracks (440)
[2021.01.29-04.04.47:998][871]LogModuleManager: Shutting down and abandoning module MovieScene (438)
[2021.01.29-04.04.47:998][871]LogModuleManager: Shutting down and abandoning module StreamingPauseRendering (436)
[2021.01.29-04.04.47:998][871]LogModuleManager: Shutting down and abandoning module LauncherPlatform (434)
[2021.01.29-04.04.47:998][871]LogModuleManager: Shutting down and abandoning module AnalyticsET (432)
[2021.01.29-04.04.47:998][871]LogModuleManager: Shutting down and abandoning module PortalServices (430)
[2021.01.29-04.04.47:998][871]LogModuleManager: Shutting down and abandoning module PortalRpc (428)
[2021.01.29-04.04.47:998][871]LogModuleManager: Shutting down and abandoning module MessagingRpc (426)
[2021.01.29-04.04.47:998][871]LogModuleManager: Shutting down and abandoning module AIModule (424)
[2021.01.29-04.04.47:998][871]LogModuleManager: Shutting down and abandoning module GameplayDebugger (423)
[2021.01.29-04.04.47:998][871]LogModuleManager: Shutting down and abandoning module AITestSuite (421)
[2021.01.29-04.04.47:998][871]LogModuleManager: Shutting down and abandoning module NavigationSystem (419)
[2021.01.29-04.04.47:998][871]LogModuleManager: Shutting down and abandoning module DesktopPlatform (416)
[2021.01.29-04.04.47:998][871]LogModuleManager: Shutting down and abandoning module ProfilerService (414)
[2021.01.29-04.04.48:006][871]LogModuleManager: Shutting down and abandoning module TaskGraph (412)
[2021.01.29-04.04.48:006][871]LogModuleManager: Shutting down and abandoning module DatasmithCADImporter (410)
[2021.01.29-04.04.48:007][871]LogModuleManager: Shutting down and abandoning module StaticMeshEditorExtension (408)
[2021.01.29-04.04.48:007][871]LogModuleManager: Shutting down and abandoning module StaticMeshEditor (407)
[2021.01.29-04.04.48:007][871]LogModuleManager: Shutting down and abandoning module AdvancedPreviewScene (406)
[2021.01.29-04.04.48:007][871]LogModuleManager: Shutting down and abandoning module DatasmithMDLImporter (402)
[2021.01.29-04.04.48:020][871]LogModuleManager: Shutting down and abandoning module DatasmithImporter (400)
[2021.01.29-04.04.48:020][871]LogModuleManager: Shutting down and abandoning module SteamVRController (398)
[2021.01.29-04.04.48:021][871]LogModuleManager: Shutting down and abandoning module ProceduralMeshComponentEditor (396)
[2021.01.29-04.04.48:021][871]LogModuleManager: Shutting down and abandoning module ProceduralMeshComponent (394)
[2021.01.29-04.04.48:021][871]LogModuleManager: Shutting down and abandoning module OculusInput (392)
[2021.01.29-04.04.48:021][871]LogModuleManager: Shutting down and abandoning module MobilePatchingUtils (390)
[2021.01.29-04.04.48:021][871]LogModuleManager: Shutting down and abandoning module EditableMesh (388)
[2021.01.29-04.04.48:021][871]LogModuleManager: Shutting down and abandoning module CustomMeshComponent (386)
[2021.01.29-04.04.48:021][871]LogModuleManager: Shutting down and abandoning module CableComponent (384)
[2021.01.29-04.04.48:021][871]LogModuleManager: Shutting down and abandoning module AudioCapture (382)
[2021.01.29-04.04.48:021][871]LogModuleManager: Shutting down and abandoning module ArchVisCharacter (380)
[2021.01.29-04.04.48:021][871]LogModuleManager: Shutting down and abandoning module AndroidPermission (378)
[2021.01.29-04.04.48:021][871]LogModuleManager: Shutting down and abandoning module NUTUnrealEngine4 (376)
[2021.01.29-04.04.48:021][871]LogModuleManager: Shutting down and abandoning module NetcodeUnitTest (374)
[2021.01.29-04.04.48:032][871]LogModuleManager: Shutting down and abandoning module MediaCompositingEditor (372)
[2021.01.29-04.04.48:032][871]LogModuleManager: Shutting down and abandoning module MediaCompositing (370)
[2021.01.29-04.04.48:032][871]LogModuleManager: Shutting down and abandoning module LinearTimecode (368)
[2021.01.29-04.04.48:032][871]LogModuleManager: Shutting down and abandoning module ImgMedia (366)
[2021.01.29-04.04.48:046][871]LogModuleManager: Shutting down and abandoning module HTML5Networking (364)
[2021.01.29-04.04.48:046][871]LogModuleManager: Shutting down and abandoning module GeometryCacheTracks (362)
[2021.01.29-04.04.48:046][871]LogModuleManager: Shutting down and abandoning module GeometryCacheSequencer (360)
[2021.01.29-04.04.48:046][871]LogModuleManager: Shutting down and abandoning module BackChannel (358)
[2021.01.29-04.04.48:046][871]LogModuleManager: Shutting down and abandoning module AppleVision (356)
[2021.01.29-04.04.48:046][871]LogModuleManager: Shutting down and abandoning module AppleImageUtils (354)
[2021.01.29-04.04.48:046][871]LogModuleManager: Shutting down and abandoning module AlembicImporter (352)
[2021.01.29-04.04.48:046][871]LogModuleManager: Shutting down and abandoning module AlembicLibrary (351)
[2021.01.29-04.04.48:046][871]LogModuleManager: Shutting down and abandoning module GeometryCache (350)
[2021.01.29-04.04.48:046][871]LogModuleManager: Shutting down and abandoning module GeometryCacheEd (349)
[2021.01.29-04.04.48:046][871]LogModuleManager: Shutting down and abandoning module DatasmithContentEditor (344)
[2021.01.29-04.04.48:046][871]LogModuleManager: Shutting down and abandoning module DatasmithContent (342)
[2021.01.29-04.04.48:046][871]LogModuleManager: Shutting down and abandoning module SpeedTreeImporter (340)
[2021.01.29-04.04.48:046][871]LogModuleManager: Shutting down and abandoning module PluginBrowser (338)
[2021.01.29-04.04.48:057][871]LogModuleManager: Shutting down and abandoning module MobileLauncherProfileWizard (336)
[2021.01.29-04.04.48:067][871]LogModuleManager: Shutting down and abandoning module PolygonModeling (334)
[2021.01.29-04.04.48:067][871]LogModuleManager: Shutting down and abandoning module MeshEditor (332)
[2021.01.29-04.04.48:067][871]LogModuleManager: Shutting down and abandoning module EditorScriptingUtilities (330)
[2021.01.29-04.04.48:067][871]LogModuleManager: Shutting down and abandoning module CryptoKeysOpenSSL (328)
[2021.01.29-04.04.48:067][871]LogModuleManager: Shutting down and abandoning module CryptoKeys (326)
[2021.01.29-04.04.48:067][871]LogModuleManager: Shutting down and abandoning module VisualStudioSourceCodeAccess (324)
[2021.01.29-04.04.48:067][871]LogModuleManager: Shutting down and abandoning module VisualStudioCodeSourceCodeAccess (322)
[2021.01.29-04.04.48:067][871]LogModuleManager: Shutting down and abandoning module UObjectPlugin (320)
[2021.01.29-04.04.48:067][871]LogModuleManager: Shutting down and abandoning module SubversionSourceControl (318)
[2021.01.29-04.04.48:067][871]LogModuleManager: Shutting down and abandoning module PerforceSourceControl (316)
[2021.01.29-04.04.48:074][871]LogModuleManager: Shutting down and abandoning module GitSourceControl (314)
[2021.01.29-04.04.48:075][871]LogModuleManager: Shutting down and abandoning module SourceControl (313)
[2021.01.29-04.04.48:087][871]LogModuleManager: Shutting down and abandoning module CLionSourceCodeAccess (310)
[2021.01.29-04.04.48:087][871]LogModuleManager: Shutting down and abandoning module LightPropagationVolumeEditor (308)
[2021.01.29-04.04.48:087][871]LogModuleManager: Shutting down and abandoning module PaperTiledImporter (306)
[2021.01.29-04.04.48:087][871]LogModuleManager: Shutting down and abandoning module PaperSpriteSheetImporter (304)
[2021.01.29-04.04.48:087][871]LogModuleManager: Shutting down and abandoning module Paper2DEditor (302)
[2021.01.29-04.04.48:099][871]LogModuleManager: Shutting down and abandoning module MeshPaint (301)
[2021.01.29-04.04.48:099][871]LogModuleManager: Shutting down and abandoning module RuntimePhysXCooking (298)
[2021.01.29-04.04.48:099][871]LogModuleManager: Shutting down and abandoning module PhysXVehiclesEditor (296)
[2021.01.29-04.04.48:099][871]LogModuleManager: Shutting down and abandoning module PhysXVehicles (294)
[2021.01.29-04.04.48:099][871]LogModuleManager: Shutting down and abandoning module OculusEditor (292)
[2021.01.29-04.04.48:099][871]LogModuleManager: Shutting down and abandoning module LocationServicesBPLibrary (290)
[2021.01.29-04.04.48:099][871]LogModuleManager: Shutting down and abandoning module ImmediatePhysicsEditor (288)
[2021.01.29-04.04.48:099][871]LogModuleManager: Shutting down and abandoning module ImmediatePhysics (286)
[2021.01.29-04.04.48:099][871]LogModuleManager: Shutting down and abandoning module ActorSequence (284)
[2021.01.29-04.04.48:099][871]LogModuleManager: Shutting down and abandoning module UdpMessaging (282)
[2021.01.29-04.04.48:201][871]LogModuleManager: Shutting down and abandoning module TcpMessaging (280)
[2021.01.29-04.04.48:302][871]LogModuleManager: Shutting down and abandoning module MagicLeapAudio (278)
[2021.01.29-04.04.48:302][871]LogModuleManager: Shutting down and abandoning module GameplayTagsEditor (276)
[2021.01.29-04.04.48:302][871]LogModuleManager: Shutting down and abandoning module FacialAnimationEditor (274)
[2021.01.29-04.04.48:302][871]LogModuleManager: Shutting down and abandoning module FacialAnimation (272)
[2021.01.29-04.04.48:302][871]LogModuleManager: Shutting down and abandoning module DataValidation (270)
[2021.01.29-04.04.48:302][871]LogModuleManager: Shutting down and abandoning module AssetManagerEditor (268)
[2021.01.29-04.04.48:316][871]LogModuleManager: Shutting down and abandoning module LevelEditor (267)
[2021.01.29-04.04.48:317][871]LogModuleManager: Shutting down and abandoning module PixelInspectorModule (266)
[2021.01.29-04.04.48:317][871]LogModuleManager: Shutting down and abandoning module CommonMenuExtensions (264)
[2021.01.29-04.04.48:317][871]LogModuleManager: Shutting down and abandoning module MainFrame (262)
[2021.01.29-04.04.48:317][871]LogModuleManager: Shutting down and abandoning module HotReload (261)
[2021.01.29-04.04.48:317][871]LogModuleManager: Shutting down and abandoning module ContentBrowser (257)
[2021.01.29-04.04.48:318][871]LogModuleManager: Shutting down and abandoning module TreeMap (255)
[2021.01.29-04.04.48:318][871]LogModuleManager: Shutting down and abandoning module LightPropagationVolumeRuntime (252)
[2021.01.29-04.04.48:318][871]LogModuleManager: Shutting down and abandoning module AISupportModule (250)
[2021.01.29-04.04.48:318][871]LogModuleManager: Shutting down and abandoning module Paper2D (248)
[2021.01.29-04.04.48:318][871]LogModuleManager: Shutting down and abandoning module WindowsMoviePlayer (246)
[2021.01.29-04.04.48:318][871]LogModuleManager: Shutting down and abandoning module WmfMedia (244)
[2021.01.29-04.04.48:327][871]LogModuleManager: Shutting down and abandoning module Media (243)
[2021.01.29-04.04.48:333][871]LogModuleManager: Shutting down and abandoning module PacketHandler (240)
[2021.01.29-04.04.48:333][871]LogModuleManager: Shutting down and abandoning module ClothingSystemEditor (238)
[2021.01.29-04.04.48:333][871]LogModuleManager: Shutting down and abandoning module ClothingSystemRuntime (236)
[2021.01.29-04.04.48:333][871]LogModuleManager: Shutting down and abandoning module MediaAssets (234)
[2021.01.29-04.04.48:333][871]LogModuleManager: Shutting down and abandoning module Overlay (232)
[2021.01.29-04.04.48:333][871]LogModuleManager: Shutting down and abandoning module OverlayEditor (231)
[2021.01.29-04.04.48:333][871]LogModuleManager: Shutting down and abandoning module VREditor (228)
[2021.01.29-04.04.48:334][871]LogModuleManager: Shutting down and abandoning module StringTableEditor (226)
[2021.01.29-04.04.48:343][871]LogModuleManager: Shutting down and abandoning module GameplayTasksEditor (224)
[2021.01.29-04.04.48:343][871]LogModuleManager: Shutting down and abandoning module BehaviorTreeEditor (222)
[2021.01.29-04.04.48:356][871]LogModuleManager: Shutting down and abandoning module FunctionalTesting (220)
[2021.01.29-04.04.48:356][871]LogModuleManager: Shutting down and abandoning module CollisionAnalyzer (218)
[2021.01.29-04.04.48:356][871]LogModuleManager: Shutting down and abandoning module WorkspaceMenuStructure (217)
[2021.01.29-04.04.48:356][871]LogModuleManager: Shutting down and abandoning module UMG (214)
[2021.01.29-04.04.48:359][871]LogModuleManager: Shutting down and abandoning module UMGEditor (213)
[2021.01.29-04.04.48:366][871]LogModuleManager: Shutting down and abandoning module Sequencer (212)
[2021.01.29-04.04.48:367][871]LogModuleManager: Shutting down and abandoning module MessageLog (209)
[2021.01.29-04.04.48:367][871]LogModuleManager: Shutting down and abandoning module SlateReflector (204)
[2021.01.29-04.04.48:376][871]LogModuleManager: Shutting down and abandoning module Slate (202)
[2021.01.29-04.04.48:376][871]LogModuleManager: Shutting down and abandoning module EditorStyle (200)
[2021.01.29-04.04.48:377][871]LogModuleManager: Shutting down and abandoning module MRMesh (198)
[2021.01.29-04.04.48:377][871]LogModuleManager: Shutting down and abandoning module SourceCodeAccess (196)
[2021.01.29-04.04.48:377][871]LogModuleManager: Shutting down and abandoning module HeadMountedDisplay (194)
[2021.01.29-04.04.48:377][871]LogModuleManager: Shutting down and abandoning module XAudio2 (192)
[2021.01.29-04.04.48:377][871]LogModuleManager: Shutting down and abandoning module Networking (190)
[2021.01.29-04.04.48:377][871]LogModuleManager: Shutting down and abandoning module Core (188)
[2021.01.29-04.04.48:377][871]LogModuleManager: Shutting down and abandoning module LevelSequence (186)
[2021.01.29-04.04.48:377][871]LogModuleManager: Shutting down and abandoning module KismetCompiler (184)
[2021.01.29-04.04.48:377][871]LogModuleManager: Shutting down and abandoning module MeshUtilities (182)
[2021.01.29-04.04.48:377][871]LogModuleManager: Shutting down and abandoning module MeshMergeUtilities (181)
[2021.01.29-04.04.48:385][871]LogModuleManager: Shutting down and abandoning module MeshReductionInterface (180)
[2021.01.29-04.04.48:385][871]LogModuleManager: Shutting down and abandoning module SimplygonSwarm (179)
[2021.01.29-04.04.48:396][871]LogModuleManager: Shutting down and abandoning module ProxyLODMeshReduction (177)
[2021.01.29-04.04.48:409][871]LogModuleManager: Shutting down and abandoning module SimplygonMeshReduction (175)
[2021.01.29-04.04.48:409][871]LogModuleManager: Shutting down and abandoning module QuadricMeshReduction (173)
[2021.01.29-04.04.48:417][871]LogModuleManager: Shutting down and abandoning module MaterialBaking (169)
[2021.01.29-04.04.48:427][871]LogModuleManager: Shutting down and abandoning module DirectoryWatcher (165)
[2021.01.29-04.04.48:427][871]LogModuleManager: Shutting down and abandoning module DerivedDataCache (162)
[2021.01.29-04.04.48:705][871]LogDerivedDataCache: Shutdown
[2021.01.29-04.04.48:705][871]LogModuleManager: Shutting down and abandoning module XGEController (160)
[2021.01.29-04.04.48:705][871]LogXGEController: Cleaning working directory: C:/Users/CG15/AppData/Local/Temp/UnrealXGEWorkingDir/
[2021.01.29-04.04.48:705][871]LogModuleManager: Shutting down and abandoning module TargetPlatform (158)
[2021.01.29-04.04.48:706][871]LogModuleManager: Shutting down and abandoning module VulkanShaderFormat (157)
[2021.01.29-04.04.48:706][871]LogModuleManager: Shutting down and abandoning module ShaderFormatVectorVM (155)
[2021.01.29-04.04.48:706][871]LogModuleManager: Shutting down and abandoning module ShaderFormatOpenGL (153)
[2021.01.29-04.04.48:717][871]LogModuleManager: Shutting down and abandoning module ShaderFormatD3D (151)
[2021.01.29-04.04.48:718][871]LogModuleManager: Shutting down and abandoning module MetalShaderFormat (149)
[2021.01.29-04.04.48:721][871]LogModuleManager: Shutting down and abandoning module TextureFormatUncompressed (147)
[2021.01.29-04.04.48:721][871]LogModuleManager: Shutting down and abandoning module TextureFormatPVR (145)
[2021.01.29-04.04.48:721][871]LogModuleManager: Shutting down and abandoning module TextureFormatDXT (143)
[2021.01.29-04.04.48:721][871]LogModuleManager: Shutting down and abandoning module TextureFormatIntelISPCTexComp (141)
[2021.01.29-04.04.48:721][871]LogModuleManager: Shutting down and abandoning module TextureFormatASTC (139)
[2021.01.29-04.04.48:721][871]LogModuleManager: Shutting down and abandoning module ImageWrapper (138)
[2021.01.29-04.04.48:721][871]LogModuleManager: Shutting down and abandoning module TextureFormatAndroid (135)
[2021.01.29-04.04.48:721][871]LogModuleManager: Shutting down and abandoning module AudioFormatOpus (133)
[2021.01.29-04.04.48:721][871]LogModuleManager: Shutting down and abandoning module AudioFormatOgg (131)
[2021.01.29-04.04.48:721][871]LogModuleManager: Shutting down and abandoning module AudioFormatADPCM (129)
[2021.01.29-04.04.48:721][871]LogModuleManager: Shutting down and abandoning module LuminTargetPlatform (127)
[2021.01.29-04.04.48:721][871]LogModuleManager: Shutting down and abandoning module LinuxTargetPlatform (125)
[2021.01.29-04.04.48:722][871]LogModuleManager: Shutting down and abandoning module LinuxServerTargetPlatform (123)
[2021.01.29-04.04.48:722][871]LogModuleManager: Shutting down and abandoning module LinuxNoEditorTargetPlatform (121)
[2021.01.29-04.04.48:722][871]LogModuleManager: Shutting down and abandoning module LinuxClientTargetPlatform (119)
[2021.01.29-04.04.48:722][871]LogModuleManager: Shutting down and abandoning module TVOSTargetPlatform (117)
[2021.01.29-04.04.48:722][871]LogModuleManager: Shutting down and abandoning module Messaging (115)
[2021.01.29-04.04.48:722][871]LogModuleManager: Shutting down and abandoning module IOSTargetPlatform (113)
[2021.01.29-04.04.48:723][871]LogModuleManager: Shutting down and abandoning module HTML5TargetPlatform (111)
[2021.01.29-04.04.48:723][871]LogModuleManager: Shutting down and abandoning module AndroidTargetPlatform (109)
[2021.01.29-04.04.48:728][871]LogModuleManager: Shutting down and abandoning module WindowsTargetPlatform (107)
[2021.01.29-04.04.48:728][871]LogModuleManager: Shutting down and abandoning module WindowsServerTargetPlatform (105)
[2021.01.29-04.04.48:728][871]LogModuleManager: Shutting down and abandoning module WindowsNoEditorTargetPlatform (103)
[2021.01.29-04.04.48:728][871]LogModuleManager: Shutting down and abandoning module WindowsClientTargetPlatform (101)
[2021.01.29-04.04.48:728][871]LogModuleManager: Shutting down and abandoning module MacTargetPlatform (99)
[2021.01.29-04.04.48:728][871]LogModuleManager: Shutting down and abandoning module MacServerTargetPlatform (97)
[2021.01.29-04.04.48:728][871]LogModuleManager: Shutting down and abandoning module MacNoEditorTargetPlatform (95)
[2021.01.29-04.04.48:728][871]LogModuleManager: Shutting down and abandoning module MacClientTargetPlatform (93)
[2021.01.29-04.04.48:728][871]LogModuleManager: Shutting down and abandoning module AllDesktopTargetPlatform (91)
[2021.01.29-04.04.48:728][871]LogModuleManager: Shutting down and abandoning module InputCore (88)
[2021.01.29-04.04.48:728][871]LogModuleManager: Shutting down and abandoning module Settings (86)
[2021.01.29-04.04.48:728][871]LogModuleManager: Shutting down and abandoning module PhysXCooking (84)
[2021.01.29-04.04.48:728][871]LogModuleManager: Shutting down and abandoning module SteamVR (82)
[2021.01.29-04.04.48:728][871]LogModuleManager: Shutting down and abandoning module OculusHMD (80)
[2021.01.29-04.04.48:728][871]LogModuleManager: Shutting down and abandoning module ExampleDeviceProfileSelector (78)
[2021.01.29-04.04.48:728][871]LogModuleManager: Shutting down and abandoning module LauncherChunkInstaller (76)
[2021.01.29-04.04.48:728][871]LogModuleManager: Shutting down and abandoning module OnlineBlueprintSupport (74)
[2021.01.29-04.04.48:728][871]LogModuleManager: Shutting down and abandoning module OnlineSubsystem (70)
[2021.01.29-04.04.48:729][871]LogModuleManager: Shutting down and abandoning module XMPP (65)
[2021.01.29-04.04.48:735][871]LogModuleManager: Shutting down and abandoning module WebSockets (64)
[2021.01.29-04.04.48:785][871]LogModuleManager: Shutting down and abandoning module HTTP (61)
[2021.01.29-04.04.48:795][871]LogHttp: Display: Http module shutting down, but needs to wait on 1 outstanding Http requests:
[2021.01.29-04.04.48:795][871]LogHttp: Display: 	verb=[POST] url=[https://datarouter.ol.epicgames.com/datarouter/api/v1/public/data?SessionID=%7B15A93360-45C7-E30A-1043-979043637D66%7D&AppID=UEEditor.Rocket.Release&AppVersion=4.20.3-4369336%2B%2B%2BUE4%2BRelease-4.20&UserID=cb4a8fbb44dd4470e77bd2b4faa63773%7Cefb4d5e353a648cfa19fe2c6071d8fea%7C57ebebf9-3d34-4033-816b-162172485021&AppEnvironment=datacollector-binary&UploadType=eteventstream] status=Processing
[2021.01.29-04.04.48:827][871]LogModuleManager: Shutting down and abandoning module SSL (60)
[2021.01.29-04.04.48:827][871]LogModuleManager: Shutting down and abandoning module MagicLeapEmulator (56)
[2021.01.29-04.04.48:827][871]LogModuleManager: Shutting down and abandoning module MagicLeapPrivileges (54)
[2021.01.29-04.04.48:827][871]LogModuleManager: Shutting down and abandoning module MagicLeapIdentity (52)
[2021.01.29-04.04.48:827][871]LogModuleManager: Shutting down and abandoning module MagicLeapHelperVulkan (50)
[2021.01.29-04.04.48:828][871]LogModuleManager: Shutting down and abandoning module MagicLeapHelperOpenGL (48)
[2021.01.29-04.04.48:828][871]LogModuleManager: Shutting down and abandoning module MagicLeapSecureStorage (46)
[2021.01.29-04.04.48:828][871]LogModuleManager: Shutting down and abandoning module MagicLeapGestures (44)
[2021.01.29-04.04.48:828][871]LogModuleManager: Shutting down and abandoning module MagicLeapEyeTracker (42)
[2021.01.29-04.04.48:828][871]LogModuleManager: Shutting down and abandoning module MagicLeapController (40)
[2021.01.29-04.04.48:828][871]LogSlate: Slate User Destroyed.  User Index 0, Is Virtual User: 0
[2021.01.29-04.04.48:828][871]LogModuleManager: Shutting down and abandoning module MagicLeap (38)
[2021.01.29-04.04.48:828][871]LogModuleManager: Shutting down and abandoning module AnimationModifiers (36)
[2021.01.29-04.04.48:840][871]LogModuleManager: Shutting down and abandoning module PropertyEditor (35)
[2021.01.29-04.04.48:840][871]LogModuleManager: Shutting down and abandoning module AudioEditor (32)
[2021.01.29-04.04.48:850][871]LogModuleManager: Shutting down and abandoning module TextureCompressor (30)
[2021.01.29-04.04.48:865][871]LogModuleManager: Shutting down and abandoning module ShaderCore (28)
[2021.01.29-04.04.48:865][871]LogModuleManager: Shutting down and abandoning module Landscape (26)
[2021.01.29-04.04.48:865][871]LogModuleManager: Shutting down and abandoning module SlateRHIRenderer (24)
[2021.01.29-04.04.48:874][871]LogModuleManager: Shutting down and abandoning module OpenGLDrv (22)
[2021.01.29-04.04.48:881][871]LogModuleManager: Shutting down and abandoning module D3D11RHI (20)
[2021.01.29-04.04.48:881][871]LogModuleManager: Shutting down and abandoning module AnimGraphRuntime (18)
[2021.01.29-04.04.48:881][871]LogModuleManager: Shutting down and abandoning module Renderer (16)
[2021.01.29-04.04.48:881][871]LogModuleManager: Shutting down and abandoning module Engine (14)
[2021.01.29-04.04.48:881][871]LogModuleManager: Shutting down and abandoning module CoreUObject (12)
[2021.01.29-04.04.48:881][871]LogModuleManager: Shutting down and abandoning module NetworkFile (10)
[2021.01.29-04.04.48:881][871]LogModuleManager: Shutting down and abandoning module CookedIterativeFile (8)
[2021.01.29-04.04.48:881][871]LogModuleManager: Shutting down and abandoning module StreamingFile (6)
[2021.01.29-04.04.48:881][871]LogModuleManager: Shutting down and abandoning module SandboxFile (4)
[2021.01.29-04.04.48:881][871]LogModuleManager: Shutting down and abandoning module PakFile (2)
[2021.01.29-04.04.48:888][871]LogExit: Exiting.
[2021.01.29-04.04.48:898][871]Log file closed, 01/29/21 13:04:48
